<?xml version="1.0" encoding="UTF-8"?>
<coverage generated="1788038418294" clover="3.2.0">
  <project timestamp="1788038418294" name="All files">
    <metrics statements="562" coveredstatements="549" conditionals="608" coveredconditionals="508" methods="131" coveredmethods="124" elements="1301" coveredelements="1181" complexity="0" loc="562" ncloc="562" packages="1" files="11" classes="11"/>
    <file name="constants.js" path="C:\Users\micha\Desktop\Lumen\src\lib\constants.js">
      <metrics statements="38" coveredstatements="38" conditionals="0" coveredconditionals="0" methods="0" coveredmethods="0"/>
      <line num="2" count="7" type="stmt"/>
      <line num="3" count="7" type="stmt"/>
      <line num="4" count="7" type="stmt"/>
      <line num="5" count="7" type="stmt"/>
      <line num="6" count="7" type="stmt"/>
      <line num="7" count="7" type="stmt"/>
      <line num="9" count="7" type="stmt"/>
      <line num="10" count="7" type="stmt"/>
      <line num="11" count="7" type="stmt"/>
      <line num="13" count="7" type="stmt"/>
      <line num="14" count="7" type="stmt"/>
      <line num="15" count="7" type="stmt"/>
      <line num="17" count="7" type="stmt"/>
      <line num="18" count="7" type="stmt"/>
      <line num="19" count="7" type="stmt"/>
      <line num="20" count="7" type="stmt"/>
      <line num="22" count="7" type="stmt"/>
      <line num="23" count="7" type="stmt"/>
      <line num="24" count="7" type="stmt"/>
      <line num="25" count="7" type="stmt"/>
      <line num="27" count="7" type="stmt"/>
      <line num="28" count="7" type="stmt"/>
      <line num="29" count="7" type="stmt"/>
      <line num="30" count="7" type="stmt"/>
      <line num="31" count="7" type="stmt"/>
      <line num="32" count="7" type="stmt"/>
      <line num="34" count="7" type="stmt"/>
      <line num="35" count="7" type="stmt"/>
      <line num="37" count="7" type="stmt"/>
      <line num="39" count="7" type="stmt"/>
      <line num="46" count="7" type="stmt"/>
      <line num="47" count="7" type="stmt"/>
      <line num="49" count="7" type="stmt"/>
      <line num="71" count="7" type="stmt"/>
      <line num="76" count="7" type="stmt"/>
      <line num="82" count="7" type="stmt"/>
      <line num="93" count="7" type="stmt"/>
      <line num="102" count="7" type="stmt"/>
    </file>
    <file name="crypto.js" path="C:\Users\micha\Desktop\Lumen\src\lib\crypto.js">
      <metrics statements="67" coveredstatements="66" conditionals="35" coveredconditionals="27" methods="21" coveredmethods="18"/>
      <line num="10" count="46" type="stmt"/>
      <line num="11" count="46" type="stmt"/>
      <line num="12" count="842" type="stmt"/>
      <line num="13" count="46" type="stmt"/>
      <line num="21" count="47" type="stmt"/>
      <line num="22" count="47" type="stmt"/>
      <line num="23" count="886" type="stmt"/>
      <line num="24" count="47" type="stmt"/>
      <line num="31" count="5" type="stmt"/>
      <line num="38" count="12" type="cond" truecount="2" falsecount="0"/>
      <line num="48" count="27" type="stmt"/>
      <line num="49" count="27" type="stmt"/>
      <line num="52" count="27" type="stmt"/>
      <line num="63" count="11" type="stmt"/>
      <line num="64" count="11" type="stmt"/>
      <line num="65" count="11" type="stmt"/>
      <line num="66" count="11" type="stmt"/>
      <line num="67" count="11" type="stmt"/>
      <line num="68" count="11" type="stmt"/>
      <line num="80" count="12" type="stmt"/>
      <line num="81" count="12" type="stmt"/>
      <line num="82" count="12" type="stmt"/>
      <line num="83" count="12" type="cond" truecount="1" falsecount="1"/>
      <line num="84" count="12" type="stmt"/>
      <line num="85" count="12" type="stmt"/>
      <line num="86" count="12" type="stmt"/>
      <line num="87" count="12" type="stmt"/>
      <line num="88" count="8" type="stmt"/>
      <line num="90" count="4" type="stmt"/>
      <line num="95" count="7" type="stmt"/>
      <line num="97" count="7" type="stmt"/>
      <line num="98" count="4" type="cond" truecount="2" falsecount="0"/>
      <line num="99" count="3" type="cond" truecount="1" falsecount="1"/>
      <line num="100" count="7" type="stmt"/>
      <line num="101" count="7" type="stmt"/>
      <line num="102" count="3" type="cond" truecount="1" falsecount="1"/>
      <line num="103" count="3" type="stmt"/>
      <line num="104" count="3" type="stmt"/>
      <line num="105" count="3" type="cond" truecount="2" falsecount="0"/>
      <line num="106" count="1" type="stmt"/>
      <line num="108" count="7" type="cond" truecount="0" falsecount="3"/>
      <line num="109" count="7" type="stmt"/>
      <line num="113" count="2" type="stmt"/>
      <line num="114" count="0" type="cond" truecount="0" falsecount="2"/>
      <line num="123" count="12" type="cond" truecount="2" falsecount="0"/>
      <line num="124" count="12" type="cond" truecount="2" falsecount="0"/>
      <line num="125" count="5" type="stmt"/>
      <line num="127" count="11" type="stmt"/>
      <line num="137" count="15" type="cond" truecount="6" falsecount="0"/>
      <line num="138" count="2" type="stmt"/>
      <line num="140" count="13" type="cond" truecount="2" falsecount="0"/>
      <line num="141" count="15" type="cond" truecount="2" falsecount="0"/>
      <line num="144" count="2" type="stmt"/>
      <line num="146" count="12" type="stmt"/>
      <line num="156" count="5" type="stmt"/>
      <line num="157" count="5" type="stmt"/>
      <line num="158" count="160" type="stmt"/>
      <line num="162" count="7" type="stmt"/>
      <line num="163" count="7" type="stmt"/>
      <line num="164" count="7" type="stmt"/>
      <line num="165" count="7" type="stmt"/>
      <line num="170" count="224" type="stmt"/>
      <line num="175" count="3" type="stmt"/>
      <line num="184" count="5" type="stmt"/>
      <line num="185" count="5" type="stmt"/>
      <line num="186" count="5" type="stmt"/>
      <line num="188" count="3" type="stmt"/>
    </file>
    <file name="gemini.js" path="C:\Users\micha\Desktop\Lumen\src\lib\gemini.js">
      <metrics statements="31" coveredstatements="30" conditionals="30" coveredconditionals="27" methods="5" coveredmethods="4"/>
      <line num="21" count="12" type="stmt"/>
      <line num="22" count="12" type="cond" truecount="2" falsecount="0"/>
      <line num="23" count="10" type="cond" truecount="2" falsecount="0"/>
      <line num="25" count="9" type="stmt"/>
      <line num="26" count="9" type="stmt"/>
      <line num="27" count="9" type="cond" truecount="2" falsecount="0"/>
      <line num="29" count="9" type="stmt"/>
      <line num="30" count="13" type="stmt"/>
      <line num="31" count="13" type="stmt"/>
      <line num="32" count="13" type="stmt"/>
      <line num="33" count="13" type="stmt"/>
      <line num="40" count="13" type="stmt"/>
      <line num="45" count="9" type="stmt"/>
      <line num="46" count="9" type="stmt"/>
      <line num="47" count="13" type="stmt"/>
      <line num="48" count="13" type="stmt"/>
      <line num="50" count="2" type="cond" truecount="3" falsecount="1"/>
      <line num="51" count="0" type="stmt"/>
      <line num="53" count="11" type="cond" truecount="2" falsecount="0"/>
      <line num="54" count="6" type="cond" truecount="4" falsecount="0"/>
      <line num="55" count="5" type="cond" truecount="2" falsecount="0"/>
      <line num="56" count="4" type="stmt"/>
      <line num="57" count="4" type="stmt"/>
      <line num="58" count="4" type="stmt"/>
      <line num="60" count="11" type="cond" truecount="2" falsecount="0"/>
      <line num="61" count="2" type="stmt"/>
      <line num="62" count="2" type="cond" truecount="1" falsecount="1"/>
      <line num="64" count="5" type="stmt"/>
      <line num="65" count="5" type="stmt"/>
      <line num="66" count="12" type="cond" truecount="2" falsecount="0"/>
      <line num="67" count="4" type="stmt"/>
    </file>
    <file name="globals.js" path="C:\Users\micha\Desktop\Lumen\src\lib\globals.js">
      <metrics statements="1" coveredstatements="1" conditionals="0" coveredconditionals="0" methods="0" coveredmethods="0"/>
      <line num="26" count="1" type="stmt"/>
    </file>
    <file name="helpers.js" path="C:\Users\micha\Desktop\Lumen\src\lib\helpers.js">
      <metrics statements="32" coveredstatements="32" conditionals="25" coveredconditionals="25" methods="17" coveredmethods="17"/>
      <line num="11" count="695" type="cond" truecount="2" falsecount="0"/>
      <line num="20" count="15" type="stmt"/>
      <line num="30" count="4" type="stmt"/>
      <line num="40" count="2" type="stmt"/>
      <line num="44" count="27484" type="stmt"/>
      <line num="45" count="27484" type="stmt"/>
      <line num="47" count="15" type="stmt"/>
      <line num="49" count="5" type="stmt"/>
      <line num="51" count="4" type="stmt"/>
      <line num="53" count="3" type="stmt"/>
      <line num="62" count="9" type="cond" truecount="2" falsecount="0"/>
      <line num="63" count="6" type="cond" truecount="2" falsecount="0"/>
      <line num="64" count="2" type="stmt"/>
      <line num="77" count="21" type="cond" truecount="2" falsecount="0"/>
      <line num="78" count="19" type="stmt"/>
      <line num="79" count="19" type="stmt"/>
      <line num="88" count="3" type="cond" truecount="2" falsecount="0"/>
      <line num="89" count="1" type="stmt"/>
      <line num="90" count="1" type="stmt"/>
      <line num="99" count="10" type="stmt"/>
      <line num="108" count="4" type="stmt"/>
      <line num="109" count="4" type="cond" truecount="2" falsecount="0"/>
      <line num="118" count="6" type="stmt"/>
      <line num="119" count="6" type="stmt"/>
      <line num="120" count="6" type="cond" truecount="2" falsecount="0"/>
      <line num="121" count="3" type="stmt"/>
      <line num="122" count="3" type="cond" truecount="2" falsecount="0"/>
      <line num="123" count="2" type="stmt"/>
      <line num="124" count="2" type="cond" truecount="2" falsecount="0"/>
      <line num="125" count="1" type="stmt"/>
      <line num="137" count="29" type="cond" truecount="2" falsecount="0"/>
      <line num="138" count="29" type="cond" truecount="2" falsecount="0"/>
    </file>
    <file name="merge.js" path="C:\Users\micha\Desktop\Lumen\src\lib\merge.js">
      <metrics statements="196" coveredstatements="187" conditionals="343" coveredconditionals="270" methods="39" coveredmethods="36"/>
      <line num="8" count="19188" type="cond" truecount="4" falsecount="0"/>
      <line num="9" count="1079" type="stmt"/>
      <line num="10" count="1079" type="stmt"/>
      <line num="11" count="43107" type="cond" truecount="2" falsecount="0"/>
      <line num="12" count="43107" type="cond" truecount="2" falsecount="0"/>
      <line num="14" count="1079" type="stmt"/>
      <line num="18" count="1066" type="cond" truecount="2" falsecount="0"/>
      <line num="19" count="1055" type="stmt"/>
      <line num="20" count="1055" type="stmt"/>
      <line num="21" count="1055" type="stmt"/>
      <line num="22" count="7" type="cond" truecount="1" falsecount="1"/>
      <line num="23" count="7" type="cond" truecount="2" falsecount="0"/>
      <line num="25" count="1055" type="stmt"/>
      <line num="29" count="5330" type="cond" truecount="2" falsecount="0"/>
      <line num="30" count="5252" type="stmt"/>
      <line num="31" count="5252" type="stmt"/>
      <line num="32" count="5252" type="stmt"/>
      <line num="33" count="58" type="stmt"/>
      <line num="34" count="58" type="cond" truecount="1" falsecount="1"/>
      <line num="35" count="58" type="cond" truecount="2" falsecount="0"/>
      <line num="37" count="5252" type="stmt"/>
      <line num="41" count="1066" type="cond" truecount="2" falsecount="0"/>
      <line num="42" count="55" type="stmt"/>
      <line num="43" count="55" type="stmt"/>
      <line num="44" count="55" type="cond" truecount="1" falsecount="1"/>
      <line num="45" count="55" type="stmt"/>
      <line num="46" count="9" type="cond" truecount="1" falsecount="1"/>
      <line num="47" count="9" type="cond" truecount="1" falsecount="1"/>
      <line num="50" count="55" type="stmt"/>
      <line num="54" count="2132" type="cond" truecount="4" falsecount="0"/>
      <line num="55" count="12" type="stmt"/>
      <line num="56" count="12" type="cond" truecount="1" falsecount="1"/>
      <line num="57" count="12" type="stmt"/>
      <line num="58" count="19" type="cond" truecount="2" falsecount="0"/>
      <line num="59" count="19" type="cond" truecount="2" falsecount="0"/>
      <line num="62" count="12" type="stmt"/>
      <line num="66" count="1066" type="cond" truecount="1" falsecount="1"/>
      <line num="67" count="1066" type="stmt"/>
      <line num="87" count="533" type="stmt"/>
      <line num="88" count="533" type="stmt"/>
      <line num="89" count="8002" type="cond" truecount="2" falsecount="0"/>
      <line num="90" count="8002" type="cond" truecount="3" falsecount="0"/>
      <line num="91" count="8002" type="stmt"/>
      <line num="92" count="8002" type="stmt"/>
      <line num="93" count="19038" type="cond" truecount="4" falsecount="0"/>
      <line num="94" count="8002" type="cond" truecount="2" falsecount="0"/>
      <line num="95" count="10555" type="cond" truecount="5" falsecount="0"/>
      <line num="96" count="10550" type="stmt"/>
      <line num="97" count="10550" type="cond" truecount="6" falsecount="2"/>
      <line num="99" count="8002" type="stmt"/>
      <line num="101" count="533" type="stmt"/>
      <line num="102" count="533" type="stmt"/>
      <line num="103" count="533" type="stmt"/>
      <line num="104" count="533" type="stmt"/>
      <line num="105" count="533" type="stmt"/>
      <line num="106" count="533" type="stmt"/>
      <line num="107" count="533" type="stmt"/>
      <line num="108" count="533" type="stmt"/>
      <line num="109" count="533" type="stmt"/>
      <line num="110" count="533" type="stmt"/>
      <line num="111" count="533" type="stmt"/>
      <line num="112" count="533" type="stmt"/>
      <line num="113" count="533" type="stmt"/>
      <line num="114" count="533" type="stmt"/>
      <line num="115" count="533" type="stmt"/>
      <line num="117" count="533" type="cond" truecount="2" falsecount="0"/>
      <line num="118" count="533" type="cond" truecount="2" falsecount="0"/>
      <line num="119" count="533" type="cond" truecount="2" falsecount="0"/>
      <line num="120" count="533" type="cond" truecount="1" falsecount="1"/>
      <line num="121" count="533" type="cond" truecount="2" falsecount="0"/>
      <line num="122" count="533" type="cond" truecount="2" falsecount="0"/>
      <line num="123" count="533" type="cond" truecount="2" falsecount="0"/>
      <line num="124" count="533" type="cond" truecount="2" falsecount="0"/>
      <line num="125" count="533" type="cond" truecount="2" falsecount="0"/>
      <line num="126" count="533" type="cond" truecount="2" falsecount="0"/>
      <line num="128" count="533" type="cond" truecount="5" falsecount="0"/>
      <line num="129" count="9" type="cond" truecount="2" falsecount="0"/>
      <line num="130" count="9" type="cond" truecount="4" falsecount="0"/>
      <line num="132" count="9" type="stmt"/>
      <line num="133" count="2" type="cond" truecount="1" falsecount="1"/>
      <line num="134" count="2" type="cond" truecount="2" falsecount="0"/>
      <line num="135" count="2" type="cond" truecount="3" falsecount="1"/>
      <line num="138" count="9" type="cond" truecount="6" falsecount="0"/>
      <line num="139" count="2" type="stmt"/>
      <line num="140" count="2" type="cond" truecount="1" falsecount="1"/>
      <line num="141" count="2" type="cond" truecount="1" falsecount="1"/>
      <line num="142" count="2" type="cond" truecount="1" falsecount="1"/>
      <line num="143" count="2" type="cond" truecount="1" falsecount="1"/>
      <line num="146" count="9" type="cond" truecount="2" falsecount="0"/>
      <line num="147" count="6" type="cond" truecount="1" falsecount="2"/>
      <line num="148" count="6" type="cond" truecount="2" falsecount="0"/>
      <line num="149" count="6" type="cond" truecount="2" falsecount="0"/>
      <line num="150" count="6" type="cond" truecount="4" falsecount="0"/>
      <line num="151" count="3" type="cond" truecount="2" falsecount="0"/>
      <line num="152" count="1" type="stmt"/>
      <line num="156" count="9" type="cond" truecount="2" falsecount="0"/>
      <line num="157" count="6" type="cond" truecount="2" falsecount="0"/>
      <line num="158" count="2" type="cond" truecount="1" falsecount="2"/>
      <line num="159" count="2" type="cond" truecount="1" falsecount="1"/>
      <line num="160" count="2" type="cond" truecount="1" falsecount="1"/>
      <line num="165" count="533" type="cond" truecount="2" falsecount="0"/>
      <line num="166" count="4" type="cond" truecount="1" falsecount="1"/>
      <line num="167" count="4" type="stmt"/>
      <line num="168" count="6" type="cond" truecount="2" falsecount="1"/>
      <line num="169" count="6" type="cond" truecount="2" falsecount="0"/>
      <line num="170" count="6" type="cond" truecount="2" falsecount="0"/>
      <line num="171" count="6" type="cond" truecount="4" falsecount="0"/>
      <line num="174" count="4" type="stmt"/>
      <line num="175" count="1" type="cond" truecount="1" falsecount="1"/>
      <line num="176" count="1" type="cond" truecount="1" falsecount="1"/>
      <line num="179" count="4" type="cond" truecount="3" falsecount="0"/>
      <line num="180" count="4" type="cond" truecount="3" falsecount="1"/>
      <line num="181" count="4" type="stmt"/>
      <line num="182" count="1" type="cond" truecount="1" falsecount="1"/>
      <line num="183" count="1" type="cond" truecount="1" falsecount="1"/>
      <line num="186" count="4" type="stmt"/>
      <line num="189" count="533" type="cond" truecount="2" falsecount="0"/>
      <line num="190" count="3" type="cond" truecount="1" falsecount="1"/>
      <line num="191" count="3" type="stmt"/>
      <line num="192" count="4" type="cond" truecount="2" falsecount="1"/>
      <line num="193" count="4" type="cond" truecount="2" falsecount="0"/>
      <line num="194" count="4" type="cond" truecount="2" falsecount="0"/>
      <line num="195" count="4" type="cond" truecount="4" falsecount="0"/>
      <line num="197" count="3" type="stmt"/>
      <line num="198" count="1" type="cond" truecount="1" falsecount="1"/>
      <line num="199" count="1" type="cond" truecount="1" falsecount="1"/>
      <line num="201" count="3" type="cond" truecount="3" falsecount="0"/>
      <line num="202" count="3" type="cond" truecount="3" falsecount="1"/>
      <line num="203" count="3" type="stmt"/>
      <line num="204" count="1" type="cond" truecount="1" falsecount="1"/>
      <line num="205" count="1" type="cond" truecount="1" falsecount="1"/>
      <line num="208" count="3" type="stmt"/>
      <line num="211" count="533" type="cond" truecount="4" falsecount="0"/>
      <line num="212" count="3" type="cond" truecount="1" falsecount="1"/>
      <line num="213" count="4" type="cond" truecount="3" falsecount="1"/>
      <line num="214" count="2" type="stmt"/>
      <line num="217" count="533" type="cond" truecount="2" falsecount="0"/>
      <line num="218" count="533" type="cond" truecount="2" falsecount="0"/>
      <line num="219" count="533" type="cond" truecount="1" falsecount="1"/>
      <line num="220" count="533" type="cond" truecount="2" falsecount="0"/>
      <line num="221" count="533" type="cond" truecount="2" falsecount="0"/>
      <line num="223" count="533" type="stmt"/>
      <line num="224" count="4" type="stmt"/>
      <line num="225" count="4" type="cond" truecount="2" falsecount="0"/>
      <line num="226" count="3" type="cond" truecount="3" falsecount="1"/>
      <line num="227" count="0" type="stmt"/>
      <line num="231" count="533" type="cond" truecount="5" falsecount="0"/>
      <line num="233" count="7" type="stmt"/>
      <line num="234" count="7" type="cond" truecount="3" falsecount="0"/>
      <line num="235" count="7" type="cond" truecount="1" falsecount="1"/>
      <line num="236" count="7" type="cond" truecount="4" falsecount="0"/>
      <line num="239" count="7" type="cond" truecount="2" falsecount="0"/>
      <line num="240" count="7" type="stmt"/>
      <line num="241" count="9" type="cond" truecount="2" falsecount="0"/>
      <line num="242" count="9" type="cond" truecount="2" falsecount="0"/>
      <line num="245" count="7" type="cond" truecount="2" falsecount="0"/>
      <line num="246" count="7" type="cond" truecount="3" falsecount="1"/>
      <line num="247" count="7" type="cond" truecount="1" falsecount="2"/>
      <line num="248" count="7" type="cond" truecount="2" falsecount="2"/>
      <line num="251" count="7" type="cond" truecount="5" falsecount="1"/>
      <line num="252" count="0" type="stmt"/>
      <line num="253" count="0" type="cond" truecount="0" falsecount="6"/>
      <line num="254" count="0" type="cond" truecount="0" falsecount="2"/>
      <line num="255" count="0" type="cond" truecount="0" falsecount="2"/>
      <line num="256" count="0" type="cond" truecount="0" falsecount="2"/>
      <line num="257" count="0" type="stmt"/>
      <line num="258" count="0" type="stmt"/>
      <line num="259" count="0" type="cond" truecount="0" falsecount="2"/>
      <line num="263" count="526" type="cond" truecount="2" falsecount="0"/>
      <line num="265" count="1" type="cond" truecount="1" falsecount="1"/>
      <line num="266" count="1" type="stmt"/>
      <line num="267" count="1" type="cond" truecount="3" falsecount="1"/>
      <line num="271" count="533" type="cond" truecount="2" falsecount="0"/>
      <line num="273" count="4" type="stmt"/>
      <line num="274" count="4" type="cond" truecount="2" falsecount="0"/>
      <line num="275" count="4" type="cond" truecount="3" falsecount="1"/>
      <line num="276" count="4" type="stmt"/>
      <line num="278" count="4" type="stmt"/>
      <line num="279" count="4" type="cond" truecount="3" falsecount="0"/>
      <line num="280" count="4" type="stmt"/>
      <line num="281" count="4" type="cond" truecount="2" falsecount="0"/>
      <line num="282" count="4" type="cond" truecount="1" falsecount="1"/>
      <line num="283" count="5" type="cond" truecount="5" falsecount="0"/>
      <line num="284" count="4" type="stmt"/>
      <line num="285" count="4" type="cond" truecount="2" falsecount="3"/>
      <line num="286" count="5" type="cond" truecount="2" falsecount="0"/>
      <line num="287" count="5" type="cond" truecount="4" falsecount="0"/>
      <line num="289" count="4" type="stmt"/>
      <line num="291" count="4" type="cond" truecount="2" falsecount="0"/>
      <line num="292" count="5" type="cond" truecount="3" falsecount="1"/>
      <line num="295" count="533" type="cond" truecount="2" falsecount="0"/>
      <line num="296" count="533" type="cond" truecount="2" falsecount="0"/>
      <line num="297" count="4" type="cond" truecount="2" falsecount="2"/>
      <line num="298" count="4" type="cond" truecount="6" falsecount="2"/>
      <line num="300" count="533" type="stmt"/>
      <line num="301" count="533" type="stmt"/>
    </file>
    <file name="package.json" path="C:\Users\micha\Desktop\Lumen\src\lib\package.json">
      <metrics statements="1" coveredstatements="0" conditionals="0" coveredconditionals="0" methods="0" coveredmethods="0"/>
      <line num="1" count="0" type="stmt"/>
    </file>
    <file name="parser.js" path="C:\Users\micha\Desktop\Lumen\src\lib\parser.js">
      <metrics statements="95" coveredstatements="94" conditionals="88" coveredconditionals="82" methods="18" coveredmethods="18"/>
      <line num="9" count="41" type="stmt"/>
      <line num="10" count="41" type="stmt"/>
      <line num="11" count="41" type="stmt"/>
      <line num="12" count="41" type="stmt"/>
      <line num="20" count="7" type="stmt"/>
      <line num="27" count="10" type="stmt"/>
      <line num="30" count="34" type="cond" truecount="2" falsecount="0"/>
      <line num="31" count="34" type="cond" truecount="2" falsecount="0"/>
      <line num="32" count="34" type="cond" truecount="2" falsecount="0"/>
      <line num="33" count="34" type="cond" truecount="2" falsecount="0"/>
      <line num="34" count="34" type="cond" truecount="2" falsecount="0"/>
      <line num="35" count="34" type="stmt"/>
      <line num="37" count="34" type="cond" truecount="2" falsecount="0"/>
      <line num="38" count="34" type="cond" truecount="1" falsecount="1"/>
      <line num="39" count="34" type="cond" truecount="2" falsecount="0"/>
      <line num="41" count="29" type="stmt"/>
      <line num="42" count="29" type="stmt"/>
      <line num="43" count="29" type="stmt"/>
      <line num="44" count="29" type="stmt"/>
      <line num="45" count="29" type="stmt"/>
      <line num="46" count="29" type="stmt"/>
      <line num="47" count="29" type="stmt"/>
      <line num="48" count="29" type="stmt"/>
      <line num="51" count="29" type="stmt"/>
      <line num="52" count="6" type="stmt"/>
      <line num="53" count="6" type="cond" truecount="5" falsecount="0"/>
      <line num="54" count="3" type="cond" truecount="5" falsecount="0"/>
      <line num="55" count="2" type="cond" truecount="3" falsecount="1"/>
      <line num="56" count="6" type="stmt"/>
      <line num="60" count="29" type="stmt"/>
      <line num="61" count="3" type="stmt"/>
      <line num="62" count="3" type="stmt"/>
      <line num="66" count="29" type="stmt"/>
      <line num="67" count="29" type="stmt"/>
      <line num="68" count="5" type="stmt"/>
      <line num="69" count="5" type="cond" truecount="2" falsecount="0"/>
      <line num="70" count="5" type="cond" truecount="2" falsecount="0"/>
      <line num="71" count="2" type="stmt"/>
      <line num="72" count="2" type="stmt"/>
      <line num="74" count="3" type="cond" truecount="2" falsecount="0"/>
      <line num="75" count="3" type="cond" truecount="2" falsecount="0"/>
      <line num="76" count="2" type="cond" truecount="2" falsecount="0"/>
      <line num="77" count="2" type="cond" truecount="2" falsecount="0"/>
      <line num="78" count="1" type="stmt"/>
      <line num="82" count="29" type="cond" truecount="4" falsecount="0"/>
      <line num="83" count="10" type="stmt"/>
      <line num="84" count="10" type="cond" truecount="2" falsecount="0"/>
      <line num="85" count="10" type="stmt"/>
      <line num="86" count="10" type="stmt"/>
      <line num="87" count="10" type="cond" truecount="2" falsecount="0"/>
      <line num="88" count="1" type="stmt"/>
      <line num="89" count="1" type="stmt"/>
      <line num="95" count="29" type="stmt"/>
      <line num="96" count="6" type="stmt"/>
      <line num="97" count="6" type="cond" truecount="2" falsecount="0"/>
      <line num="98" count="6" type="cond" truecount="2" falsecount="0"/>
      <line num="99" count="5" type="stmt"/>
      <line num="100" count="5" type="cond" truecount="4" falsecount="0"/>
      <line num="101" count="5" type="cond" truecount="4" falsecount="0"/>
      <line num="103" count="6" type="stmt"/>
      <line num="104" count="6" type="stmt"/>
      <line num="108" count="29" type="stmt"/>
      <line num="109" count="29" type="stmt"/>
      <line num="111" count="29" type="stmt"/>
      <line num="112" count="3" type="stmt"/>
      <line num="113" count="3" type="cond" truecount="2" falsecount="0"/>
      <line num="114" count="3" type="stmt"/>
      <line num="117" count="29" type="cond" truecount="2" falsecount="0"/>
      <line num="118" count="26" type="stmt"/>
      <line num="119" count="3" type="stmt"/>
      <line num="120" count="3" type="stmt"/>
      <line num="121" count="3" type="stmt"/>
      <line num="124" count="29" type="cond" truecount="2" falsecount="0"/>
      <line num="125" count="23" type="stmt"/>
      <line num="126" count="2" type="stmt"/>
      <line num="127" count="2" type="stmt"/>
      <line num="131" count="29" type="cond" truecount="2" falsecount="0"/>
      <line num="132" count="21" type="stmt"/>
      <line num="133" count="2" type="stmt"/>
      <line num="134" count="2" type="stmt"/>
      <line num="135" count="2" type="cond" truecount="1" falsecount="1"/>
      <line num="136" count="2" type="cond" truecount="1" falsecount="1"/>
      <line num="137" count="2" type="stmt"/>
      <line num="138" count="2" type="stmt"/>
      <line num="139" count="2" type="cond" truecount="1" falsecount="1"/>
      <line num="140" count="2" type="stmt"/>
      <line num="141" count="2" type="stmt"/>
      <line num="143" count="0" type="stmt"/>
      <line num="147" count="29" type="cond" truecount="2" falsecount="0"/>
      <line num="148" count="19" type="stmt"/>
      <line num="149" count="2" type="stmt"/>
      <line num="150" count="2" type="stmt"/>
      <line num="154" count="29" type="stmt"/>
      <line num="155" count="29" type="cond" truecount="1" falsecount="1"/>
      <line num="157" count="29" type="stmt"/>
    </file>
    <file name="schedule.js" path="C:\Users\micha\Desktop\Lumen\src\lib\schedule.js">
      <metrics statements="46" coveredstatements="46" conditionals="35" coveredconditionals="34" methods="12" coveredmethods="12"/>
      <line num="8" count="117" type="stmt"/>
      <line num="15" count="29" type="stmt"/>
      <line num="16" count="29" type="stmt"/>
      <line num="17" count="29" type="stmt"/>
      <line num="28" count="11" type="stmt"/>
      <line num="29" count="11" type="cond" truecount="5" falsecount="0"/>
      <line num="30" count="4" type="stmt"/>
      <line num="31" count="4" type="stmt"/>
      <line num="32" count="12" type="stmt"/>
      <line num="34" count="12" type="stmt"/>
      <line num="35" count="12" type="cond" truecount="2" falsecount="0"/>
      <line num="36" count="9" type="stmt"/>
      <line num="37" count="9" type="cond" truecount="4" falsecount="0"/>
      <line num="39" count="12" type="cond" truecount="2" falsecount="0"/>
      <line num="40" count="10" type="stmt"/>
      <line num="41" count="10" type="stmt"/>
      <line num="42" count="10" type="stmt"/>
      <line num="44" count="4" type="cond" truecount="1" falsecount="1"/>
      <line num="48" count="3" type="stmt"/>
      <line num="63" count="23" type="cond" truecount="4" falsecount="0"/>
      <line num="64" count="20" type="stmt"/>
      <line num="65" count="20" type="cond" truecount="2" falsecount="0"/>
      <line num="66" count="23" type="stmt"/>
      <line num="67" count="23" type="cond" truecount="2" falsecount="0"/>
      <line num="68" count="23" type="cond" truecount="2" falsecount="0"/>
      <line num="81" count="6" type="stmt"/>
      <line num="82" count="38" type="stmt"/>
      <line num="83" count="38" type="stmt"/>
      <line num="87" count="38" type="stmt"/>
      <line num="88" count="38" type="stmt"/>
      <line num="89" count="38" type="stmt"/>
      <line num="90" count="38" type="stmt"/>
      <line num="109" count="7" type="stmt"/>
      <line num="110" count="27" type="stmt"/>
      <line num="111" count="7" type="stmt"/>
      <line num="112" count="10" type="cond" truecount="2" falsecount="0"/>
      <line num="113" count="10" type="cond" truecount="2" falsecount="0"/>
      <line num="114" count="10" type="cond" truecount="4" falsecount="0"/>
      <line num="117" count="7" type="stmt"/>
      <line num="118" count="7" type="stmt"/>
      <line num="119" count="13" type="stmt"/>
      <line num="120" count="27" type="stmt"/>
      <line num="121" count="27" type="stmt"/>
      <line num="122" count="9" type="stmt"/>
      <line num="123" count="4" type="cond" truecount="2" falsecount="0"/>
      <line num="128" count="7" type="stmt"/>
    </file>
    <file name="students.js" path="C:\Users\micha\Desktop\Lumen\src\lib\students.js">
      <metrics statements="33" coveredstatements="33" conditionals="43" coveredconditionals="36" methods="16" coveredmethods="16"/>
      <line num="12" count="8" type="cond" truecount="1" falsecount="1"/>
      <line num="13" count="8" type="stmt"/>
      <line num="14" count="8" type="stmt"/>
      <line num="15" count="14" type="cond" truecount="5" falsecount="0"/>
      <line num="17" count="8" type="stmt"/>
      <line num="18" count="8" type="stmt"/>
      <line num="19" count="8" type="stmt"/>
      <line num="20" count="8" type="stmt"/>
      <line num="21" count="32" type="cond" truecount="1" falsecount="1"/>
      <line num="22" count="32" type="stmt"/>
      <line num="23" count="14" type="cond" truecount="4" falsecount="0"/>
      <line num="24" count="11" type="cond" truecount="2" falsecount="0"/>
      <line num="25" count="14" type="cond" truecount="1" falsecount="1"/>
      <line num="26" count="11" type="stmt"/>
      <line num="27" count="11" type="cond" truecount="2" falsecount="0"/>
      <line num="28" count="4" type="stmt"/>
      <line num="31" count="8" type="stmt"/>
      <line num="34" count="6" type="cond" truecount="1" falsecount="0"/>
      <line num="35" count="16" type="cond" truecount="2" falsecount="0"/>
      <line num="52" count="9" type="cond" truecount="1" falsecount="1"/>
      <line num="54" count="9" type="stmt"/>
      <line num="55" count="9" type="stmt"/>
      <line num="56" count="9" type="stmt"/>
      <line num="57" count="9" type="stmt"/>
      <line num="58" count="9" type="stmt"/>
      <line num="60" count="9" type="stmt"/>
      <line num="61" count="9" type="stmt"/>
      <line num="63" count="9" type="stmt"/>
      <line num="65" count="7" type="cond" truecount="2" falsecount="2"/>
      <line num="66" count="7" type="cond" truecount="1" falsecount="1"/>
      <line num="68" count="4" type="stmt"/>
      <line num="85" count="24" type="stmt"/>
      <line num="86" count="24" type="cond" truecount="2" falsecount="0"/>
    </file>
    <file name="vault-worker.js" path="C:\Users\micha\Desktop\Lumen\src\lib\vault-worker.js">
      <metrics statements="22" coveredstatements="22" conditionals="9" coveredconditionals="7" methods="3" coveredmethods="3"/>
      <line num="6" count="1" type="stmt"/>
      <line num="7" count="4" type="stmt"/>
      <line num="8" count="4" type="stmt"/>
      <line num="9" count="126" type="stmt"/>
      <line num="10" count="63" type="stmt"/>
      <line num="11" count="4" type="stmt"/>
      <line num="12" count="4" type="stmt"/>
      <line num="13" count="4" type="cond" truecount="2" falsecount="0"/>
      <line num="14" count="1" type="stmt"/>
      <line num="15" count="1" type="stmt"/>
      <line num="16" count="1" type="stmt"/>
      <line num="17" count="1" type="stmt"/>
      <line num="18" count="1" type="stmt"/>
      <line num="20" count="3" type="stmt"/>
      <line num="21" count="3" type="stmt"/>
      <line num="22" count="3" type="stmt"/>
      <line num="23" count="3" type="cond" truecount="1" falsecount="1"/>
      <line num="24" count="3" type="cond" truecount="2" falsecount="0"/>
      <line num="25" count="3" type="stmt"/>
      <line num="26" count="2" type="stmt"/>
      <line num="27" count="1" type="stmt"/>
      <line num="30" count="2" type="cond" truecount="2" falsecount="1"/>
    </file>
  </project>
</coverage>
