{"C:\\Users\\micha\\Desktop\\Lumen\\src\\lib\\constants.js": {"path":"C:\\Users\\micha\\Desktop\\Lumen\\src\\lib\\constants.js","statementMap":{"0":{"start":{"line":2,"column":27},"end":{"line":2,"column":43}},"1":{"start":{"line":3,"column":24},"end":{"line":3,"column":37}},"2":{"start":{"line":4,"column":27},"end":{"line":4,"column":31}},"3":{"start":{"line":5,"column":29},"end":{"line":5,"column":46}},"4":{"start":{"line":6,"column":32},"end":{"line":6,"column":49}},"5":{"start":{"line":7,"column":32},"end":{"line":7,"column":33}},"6":{"start":{"line":9,"column":24},"end":{"line":9,"column":26}},"7":{"start":{"line":10,"column":26},"end":{"line":10,"column":34}},"8":{"start":{"line":11,"column":33},"end":{"line":11,"column":34}},"9":{"start":{"line":13,"column":26},"end":{"line":13,"column":27}},"10":{"start":{"line":14,"column":33},"end":{"line":14,"column":37}},"11":{"start":{"line":15,"column":33},"end":{"line":15,"column":35}},"12":{"start":{"line":17,"column":24},"end":{"line":17,"column":27}},"13":{"start":{"line":18,"column":28},"end":{"line":18,"column":31}},"14":{"start":{"line":19,"column":32},"end":{"line":19,"column":35}},"15":{"start":{"line":20,"column":32},"end":{"line":20,"column":52}},"16":{"start":{"line":22,"column":44},"end":{"line":22,"column":47}},"17":{"start":{"line":23,"column":38},"end":{"line":23,"column":41}},"18":{"start":{"line":24,"column":34},"end":{"line":24,"column":35}},"19":{"start":{"line":25,"column":41},"end":{"line":25,"column":46}},"20":{"start":{"line":27,"column":42},"end":{"line":27,"column":48}},"21":{"start":{"line":28,"column":42},"end":{"line":28,"column":48}},"22":{"start":{"line":29,"column":36},"end":{"line":29,"column":37}},"23":{"start":{"line":30,"column":30},"end":{"line":30,"column":38}},"24":{"start":{"line":31,"column":30},"end":{"line":31,"column":39}},"25":{"start":{"line":32,"column":26},"end":{"line":32,"column":28}},"26":{"start":{"line":34,"column":37},"end":{"line":34,"column":38}},"27":{"start":{"line":35,"column":37},"end":{"line":35,"column":40}},"28":{"start":{"line":37,"column":27},"end":{"line":37,"column":29}},"29":{"start":{"line":39,"column":24},"end":{"line":44,"column":1}},"30":{"start":{"line":46,"column":22},"end":{"line":46,"column":110}},"31":{"start":{"line":47,"column":22},"end":{"line":47,"column":95}},"32":{"start":{"line":49,"column":22},"end":{"line":69,"column":1}},"33":{"start":{"line":71,"column":19},"end":{"line":74,"column":1}},"34":{"start":{"line":76,"column":21},"end":{"line":80,"column":1}},"35":{"start":{"line":82,"column":26},"end":{"line":91,"column":1}},"36":{"start":{"line":93,"column":26},"end":{"line":100,"column":1}},"37":{"start":{"line":102,"column":28},"end":{"line":113,"column":1}}},"fnMap":{},"branchMap":{},"s":{"0":7,"1":7,"2":7,"3":7,"4":7,"5":7,"6":7,"7":7,"8":7,"9":7,"10":7,"11":7,"12":7,"13":7,"14":7,"15":7,"16":7,"17":7,"18":7,"19":7,"20":7,"21":7,"22":7,"23":7,"24":7,"25":7,"26":7,"27":7,"28":7,"29":7,"30":7,"31":7,"32":7,"33":7,"34":7,"35":7,"36":7,"37":7},"f":{},"b":{},"meta":{"lastBranch":0,"lastFunction":0,"lastStatement":38,"seen":{"s:2:27:2:43":0,"s:3:24:3:37":1,"s:4:27:4:31":2,"s:5:29:5:46":3,"s:6:32:6:49":4,"s:7:32:7:33":5,"s:9:24:9:26":6,"s:10:26:10:34":7,"s:11:33:11:34":8,"s:13:26:13:27":9,"s:14:33:14:37":10,"s:15:33:15:35":11,"s:17:24:17:27":12,"s:18:28:18:31":13,"s:19:32:19:35":14,"s:20:32:20:52":15,"s:22:44:22:47":16,"s:23:38:23:41":17,"s:24:34:24:35":18,"s:25:41:25:46":19,"s:27:42:27:48":20,"s:28:42:28:48":21,"s:29:36:29:37":22,"s:30:30:30:38":23,"s:31:30:31:39":24,"s:32:26:32:28":25,"s:34:37:34:38":26,"s:35:37:35:40":27,"s:37:27:37:29":28,"s:39:24:44:1":29,"s:46:22:46:110":30,"s:47:22:47:95":31,"s:49:22:69:1":32,"s:71:19:74:1":33,"s:76:21:80:1":34,"s:82:26:91:1":35,"s:93:26:100:1":36,"s:102:28:113:1":37},"fnNames":{}}}
,"C:\\Users\\micha\\Desktop\\Lumen\\src\\lib\\crypto.js": {"path":"C:\\Users\\micha\\Desktop\\Lumen\\src\\lib\\crypto.js","statementMap":{"0":{"start":{"line":10,"column":16},"end":{"line":10,"column":35}},"1":{"start":{"line":11,"column":15},"end":{"line":11,"column":17}},"2":{"start":{"line":12,"column":2},"end":{"line":12,"column":85}},"3":{"start":{"line":12,"column":15},"end":{"line":12,"column":16}},"4":{"start":{"line":12,"column":45},"end":{"line":12,"column":85}},"5":{"start":{"line":13,"column":2},"end":{"line":13,"column":22}},"6":{"start":{"line":21,"column":17},"end":{"line":21,"column":26}},"7":{"start":{"line":22,"column":16},"end":{"line":22,"column":45}},"8":{"start":{"line":23,"column":2},"end":{"line":23,"column":74}},"9":{"start":{"line":23,"column":15},"end":{"line":23,"column":16}},"10":{"start":{"line":23,"column":42},"end":{"line":23,"column":74}},"11":{"start":{"line":24,"column":2},"end":{"line":24,"column":22}},"12":{"start":{"line":31,"column":2},"end":{"line":31,"column":61}},"13":{"start":{"line":38,"column":2},"end":{"line":38,"column":61}},"14":{"start":{"line":48,"column":14},"end":{"line":48,"column":31}},"15":{"start":{"line":49,"column":22},"end":{"line":51,"column":3}},"16":{"start":{"line":52,"column":2},"end":{"line":58,"column":4}},"17":{"start":{"line":63,"column":15},"end":{"line":63,"column":57}},"18":{"start":{"line":64,"column":13},"end":{"line":64,"column":55}},"19":{"start":{"line":65,"column":14},"end":{"line":65,"column":62}},"20":{"start":{"line":66,"column":14},"end":{"line":66,"column":31}},"21":{"start":{"line":67,"column":21},"end":{"line":67,"column":101}},"22":{"start":{"line":68,"column":2},"end":{"line":75,"column":14}},"23":{"start":{"line":80,"column":15},"end":{"line":80,"column":56}},"24":{"start":{"line":81,"column":13},"end":{"line":81,"column":52}},"25":{"start":{"line":82,"column":21},"end":{"line":82,"column":46}},"26":{"start":{"line":83,"column":14},"end":{"line":83,"column":38}},"27":{"start":{"line":84,"column":21},"end":{"line":84,"column":46}},"28":{"start":{"line":85,"column":14},"end":{"line":85,"column":62}},"29":{"start":{"line":86,"column":2},"end":{"line":91,"column":3}},"30":{"start":{"line":87,"column":22},"end":{"line":87,"column":91}},"31":{"start":{"line":88,"column":4},"end":{"line":88,"column":47}},"32":{"start":{"line":90,"column":4},"end":{"line":90,"column":65}},"33":{"start":{"line":95,"column":2},"end":{"line":110,"column":5}},"34":{"start":{"line":97,"column":4},"end":{"line":97,"column":64}},"35":{"start":{"line":97,"column":10},"end":{"line":97,"column":29}},"36":{"start":{"line":97,"column":44},"end":{"line":97,"column":54}},"37":{"start":{"line":97,"column":55},"end":{"line":97,"column":62}},"38":{"start":{"line":98,"column":4},"end":{"line":98,"column":69}},"39":{"start":{"line":98,"column":19},"end":{"line":98,"column":59}},"40":{"start":{"line":98,"column":60},"end":{"line":98,"column":67}},"41":{"start":{"line":99,"column":15},"end":{"line":99,"column":102}},"42":{"start":{"line":100,"column":18},"end":{"line":100,"column":123}},"43":{"start":{"line":100,"column":37},"end":{"line":100,"column":77}},"44":{"start":{"line":100,"column":43},"end":{"line":100,"column":62}},"45":{"start":{"line":100,"column":78},"end":{"line":100,"column":114}},"46":{"start":{"line":101,"column":4},"end":{"line":107,"column":6}},"47":{"start":{"line":102,"column":6},"end":{"line":102,"column":35}},"48":{"start":{"line":102,"column":28},"end":{"line":102,"column":35}},"49":{"start":{"line":103,"column":6},"end":{"line":103,"column":26}},"50":{"start":{"line":104,"column":6},"end":{"line":104,"column":46}},"51":{"start":{"line":104,"column":12},"end":{"line":104,"column":31}},"52":{"start":{"line":105,"column":6},"end":{"line":106,"column":43}},"53":{"start":{"line":105,"column":21},"end":{"line":105,"column":44}},"54":{"start":{"line":106,"column":11},"end":{"line":106,"column":43}},"55":{"start":{"line":108,"column":4},"end":{"line":108,"column":147}},"56":{"start":{"line":108,"column":30},"end":{"line":108,"column":50}},"57":{"start":{"line":108,"column":51},"end":{"line":108,"column":91}},"58":{"start":{"line":108,"column":57},"end":{"line":108,"column":76}},"59":{"start":{"line":108,"column":92},"end":{"line":108,"column":144}},"60":{"start":{"line":109,"column":4},"end":{"line":109,"column":43}},"61":{"start":{"line":113,"column":29},"end":{"line":114,"column":120}},"62":{"start":{"line":114,"column":3},"end":{"line":114,"column":119}},"63":{"start":{"line":123,"column":18},"end":{"line":123,"column":60}},"64":{"start":{"line":124,"column":2},"end":{"line":126,"column":3}},"65":{"start":{"line":125,"column":4},"end":{"line":125,"column":122}},"66":{"start":{"line":125,"column":10},"end":{"line":125,"column":87}},"67":{"start":{"line":127,"column":2},"end":{"line":127,"column":44}},"68":{"start":{"line":137,"column":2},"end":{"line":139,"column":3}},"69":{"start":{"line":138,"column":4},"end":{"line":138,"column":63}},"70":{"start":{"line":140,"column":18},"end":{"line":140,"column":60}},"71":{"start":{"line":141,"column":2},"end":{"line":145,"column":3}},"72":{"start":{"line":144,"column":4},"end":{"line":144,"column":134}},"73":{"start":{"line":144,"column":10},"end":{"line":144,"column":99}},"74":{"start":{"line":146,"column":2},"end":{"line":146,"column":null}},"75":{"start":{"line":156,"column":15},"end":{"line":156,"column":68}},"76":{"start":{"line":157,"column":14},"end":{"line":157,"column":57}},"77":{"start":{"line":158,"column":2},"end":{"line":158,"column":null}},"78":{"start":{"line":158,"column":52},"end":{"line":158,"column":83}},"79":{"start":{"line":162,"column":16},"end":{"line":162,"column":52}},"80":{"start":{"line":163,"column":18},"end":{"line":163,"column":34}},"81":{"start":{"line":164,"column":18},"end":{"line":164,"column":94}},"82":{"start":{"line":165,"column":15},"end":{"line":169,"column":3}},"83":{"start":{"line":170,"column":2},"end":{"line":170,"column":null}},"84":{"start":{"line":170,"column":53},"end":{"line":170,"column":84}},"85":{"start":{"line":175,"column":2},"end":{"line":175,"column":null}},"86":{"start":{"line":184,"column":2},"end":{"line":189,"column":null}},"87":{"start":{"line":185,"column":19},"end":{"line":185,"column":39}},"88":{"start":{"line":186,"column":4},"end":{"line":186,"column":null}},"89":{"start":{"line":188,"column":4},"end":{"line":188,"column":null}}},"fnMap":{"0":{"name":"buf2b64","decl":{"start":{"line":9,"column":16},"end":{"line":9,"column":23}},"loc":{"start":{"line":9,"column":29},"end":{"line":14,"column":1}},"line":9},"1":{"name":"b642buf","decl":{"start":{"line":20,"column":16},"end":{"line":20,"column":23}},"loc":{"start":{"line":20,"column":29},"end":{"line":25,"column":1}},"line":20},"2":{"name":"randomSaltB64","decl":{"start":{"line":30,"column":16},"end":{"line":30,"column":29}},"loc":{"start":{"line":30,"column":32},"end":{"line":32,"column":1}},"line":30},"3":{"name":"iterationsForVersion","decl":{"start":{"line":37,"column":9},"end":{"line":37,"column":29}},"loc":{"start":{"line":37,"column":33},"end":{"line":39,"column":1}},"line":37},"4":{"name":"deriveVaultKey","decl":{"start":{"line":47,"column":22},"end":{"line":47,"column":36}},"loc":{"start":{"line":47,"column":87},"end":{"line":59,"column":1}},"line":47},"5":{"name":"encryptInline","decl":{"start":{"line":62,"column":15},"end":{"line":62,"column":28}},"loc":{"start":{"line":62,"column":84},"end":{"line":76,"column":1}},"line":62},"6":{"name":"decryptInline","decl":{"start":{"line":79,"column":15},"end":{"line":79,"column":28}},"loc":{"start":{"line":79,"column":52},"end":{"line":92,"column":1}},"line":79},"7":{"name":"runVaultWorker","decl":{"start":{"line":94,"column":9},"end":{"line":94,"column":23}},"loc":{"start":{"line":94,"column":42},"end":{"line":111,"column":1}},"line":94},"8":{"name":"(anonymous_8)","decl":{"start":{"line":95,"column":21},"end":{"line":95,"column":22}},"loc":{"start":{"line":95,"column":42},"end":{"line":110,"column":3}},"line":95},"9":{"name":"(anonymous_9)","decl":{"start":{"line":100,"column":29},"end":{"line":100,"column":30}},"loc":{"start":{"line":100,"column":35},"end":{"line":100,"column":116}},"line":100},"10":{"name":"(anonymous_10)","decl":{"start":{"line":101,"column":23},"end":{"line":101,"column":24}},"loc":{"start":{"line":101,"column":30},"end":{"line":107,"column":5}},"line":101},"11":{"name":"(anonymous_11)","decl":{"start":{"line":108,"column":21},"end":{"line":108,"column":22}},"loc":{"start":{"line":108,"column":28},"end":{"line":108,"column":146}},"line":108},"12":{"name":"(anonymous_12)","decl":{"start":{"line":113,"column":29},"end":{"line":113,"column":30}},"loc":{"start":{"line":114,"column":3},"end":{"line":114,"column":119}},"line":114},"13":{"name":"encryptVaultBackup","decl":{"start":{"line":122,"column":22},"end":{"line":122,"column":40}},"loc":{"start":{"line":122,"column":73},"end":{"line":128,"column":1}},"line":122},"14":{"name":"decryptVaultBackup","decl":{"start":{"line":136,"column":22},"end":{"line":136,"column":40}},"loc":{"start":{"line":136,"column":75},"end":{"line":147,"column":null}},"line":136},"15":{"name":"hashPassLegacy","decl":{"start":{"line":155,"column":22},"end":{"line":155,"column":36}},"loc":{"start":{"line":155,"column":49},"end":{"line":159,"column":null}},"line":155},"16":{"name":"(anonymous_16)","decl":{"start":{"line":158,"column":45},"end":{"line":158,"column":46}},"loc":{"start":{"line":158,"column":52},"end":{"line":158,"column":83}},"line":158},"17":{"name":"hashPass","decl":{"start":{"line":161,"column":22},"end":{"line":161,"column":30}},"loc":{"start":{"line":161,"column":52},"end":{"line":171,"column":null}},"line":161},"18":{"name":"(anonymous_18)","decl":{"start":{"line":170,"column":46},"end":{"line":170,"column":47}},"loc":{"start":{"line":170,"column":53},"end":{"line":170,"column":84}},"line":170},"19":{"name":"sealSecret","decl":{"start":{"line":174,"column":22},"end":{"line":174,"column":32}},"loc":{"start":{"line":174,"column":50},"end":{"line":176,"column":null}},"line":174},"20":{"name":"openSecret","decl":{"start":{"line":183,"column":22},"end":{"line":183,"column":32}},"loc":{"start":{"line":183,"column":53},"end":{"line":190,"column":null}},"line":183}},"branchMap":{"0":{"loc":{"start":{"line":38,"column":9},"end":{"line":38,"column":60}},"type":"cond-expr","locations":[{"start":{"line":38,"column":19},"end":{"line":38,"column":38}},{"start":{"line":38,"column":41},"end":{"line":38,"column":60}}],"line":38},"1":{"loc":{"start":{"line":47,"column":53},"end":{"line":47,"column":85}},"type":"default-arg","locations":[{"start":{"line":47,"column":66},"end":{"line":47,"column":85}}],"line":47},"2":{"loc":{"start":{"line":62,"column":50},"end":{"line":62,"column":82}},"type":"default-arg","locations":[{"start":{"line":62,"column":63},"end":{"line":62,"column":82}}],"line":62},"3":{"loc":{"start":{"line":83,"column":14},"end":{"line":83,"column":38}},"type":"binary-expr","locations":[{"start":{"line":83,"column":14},"end":{"line":83,"column":33}},{"start":{"line":83,"column":37},"end":{"line":83,"column":38}}],"line":83},"4":{"loc":{"start":{"line":98,"column":4},"end":{"line":98,"column":69}},"type":"if","locations":[{"start":{"line":98,"column":4},"end":{"line":98,"column":69}},{"start":{},"end":{}}],"line":98},"5":{"loc":{"start":{"line":99,"column":43},"end":{"line":99,"column":101}},"type":"cond-expr","locations":[{"start":{"line":99,"column":80},"end":{"line":99,"column":97}},{"start":{"line":99,"column":100},"end":{"line":99,"column":101}}],"line":99},"6":{"loc":{"start":{"line":102,"column":6},"end":{"line":102,"column":35}},"type":"if","locations":[{"start":{"line":102,"column":6},"end":{"line":102,"column":35}},{"start":{},"end":{}}],"line":102},"7":{"loc":{"start":{"line":105,"column":6},"end":{"line":106,"column":43}},"type":"if","locations":[{"start":{"line":105,"column":6},"end":{"line":106,"column":43}},{"start":{"line":106,"column":11},"end":{"line":106,"column":43}}],"line":105},"8":{"loc":{"start":{"line":108,"column":99},"end":{"line":108,"column":142}},"type":"binary-expr","locations":[{"start":{"line":108,"column":100},"end":{"line":108,"column":101}},{"start":{"line":108,"column":105},"end":{"line":108,"column":112}},{"start":{"line":108,"column":117},"end":{"line":108,"column":142}}],"line":108},"9":{"loc":{"start":{"line":114,"column":3},"end":{"line":114,"column":119}},"type":"cond-expr","locations":[{"start":{"line":114,"column":35},"end":{"line":114,"column":112}},{"start":{"line":114,"column":115},"end":{"line":114,"column":119}}],"line":114},"10":{"loc":{"start":{"line":122,"column":62},"end":{"line":122,"column":71}},"type":"default-arg","locations":[{"start":{"line":122,"column":69},"end":{"line":122,"column":71}}],"line":122},"11":{"loc":{"start":{"line":123,"column":18},"end":{"line":123,"column":60}},"type":"binary-expr","locations":[{"start":{"line":123,"column":18},"end":{"line":123,"column":36}},{"start":{"line":123,"column":40},"end":{"line":123,"column":60}}],"line":123},"12":{"loc":{"start":{"line":124,"column":2},"end":{"line":126,"column":3}},"type":"if","locations":[{"start":{"line":124,"column":2},"end":{"line":126,"column":3}},{"start":{},"end":{}}],"line":124},"13":{"loc":{"start":{"line":136,"column":64},"end":{"line":136,"column":73}},"type":"default-arg","locations":[{"start":{"line":136,"column":71},"end":{"line":136,"column":73}}],"line":136},"14":{"loc":{"start":{"line":137,"column":2},"end":{"line":139,"column":3}},"type":"if","locations":[{"start":{"line":137,"column":2},"end":{"line":139,"column":3}},{"start":{},"end":{}}],"line":137},"15":{"loc":{"start":{"line":137,"column":6},"end":{"line":137,"column":94}},"type":"binary-expr","locations":[{"start":{"line":137,"column":6},"end":{"line":137,"column":33}},{"start":{"line":137,"column":37},"end":{"line":137,"column":54}},{"start":{"line":137,"column":58},"end":{"line":137,"column":73}},{"start":{"line":137,"column":77},"end":{"line":137,"column":94}}],"line":137},"16":{"loc":{"start":{"line":140,"column":18},"end":{"line":140,"column":60}},"type":"binary-expr","locations":[{"start":{"line":140,"column":18},"end":{"line":140,"column":36}},{"start":{"line":140,"column":40},"end":{"line":140,"column":60}}],"line":140},"17":{"loc":{"start":{"line":141,"column":2},"end":{"line":145,"column":3}},"type":"if","locations":[{"start":{"line":141,"column":2},"end":{"line":145,"column":3}},{"start":{},"end":{}}],"line":141}},"s":{"0":46,"1":46,"2":46,"3":46,"4":842,"5":46,"6":47,"7":47,"8":47,"9":47,"10":886,"11":47,"12":5,"13":12,"14":27,"15":27,"16":27,"17":11,"18":11,"19":11,"20":11,"21":11,"22":11,"23":12,"24":12,"25":12,"26":12,"27":12,"28":12,"29":12,"30":12,"31":8,"32":4,"33":7,"34":7,"35":7,"36":3,"37":3,"38":4,"39":1,"40":1,"41":3,"42":7,"43":0,"44":0,"45":0,"46":7,"47":3,"48":0,"49":3,"50":3,"51":3,"52":3,"53":2,"54":1,"55":7,"56":0,"57":0,"58":0,"59":0,"60":7,"61":2,"62":0,"63":12,"64":12,"65":5,"66":5,"67":11,"68":15,"69":2,"70":13,"71":15,"72":2,"73":2,"74":12,"75":5,"76":5,"77":5,"78":160,"79":7,"80":7,"81":7,"82":7,"83":7,"84":224,"85":3,"86":5,"87":5,"88":5,"89":3},"f":{"0":46,"1":47,"2":5,"3":12,"4":27,"5":11,"6":12,"7":7,"8":7,"9":0,"10":3,"11":0,"12":0,"13":12,"14":15,"15":5,"16":160,"17":7,"18":224,"19":3,"20":5},"b":{"0":[2,10],"1":[27],"2":[11],"3":[12,0],"4":[1,3],"5":[3,0],"6":[0,3],"7":[2,1],"8":[0,0,0],"9":[0,0],"10":[12],"11":[12,7],"12":[5,7],"13":[15],"14":[2,13],"15":[15,13,13,13],"16":[13,11],"17":[2,13]},"meta":{"lastBranch":18,"lastFunction":21,"lastStatement":90,"seen":{"f:9:16:9:23":0,"s:10:16:10:35":0,"s:11:15:11:17":1,"s:12:2:12:85":2,"s:12:15:12:16":3,"s:12:45:12:85":4,"s:13:2:13:22":5,"f:20:16:20:23":1,"s:21:17:21:26":6,"s:22:16:22:45":7,"s:23:2:23:74":8,"s:23:15:23:16":9,"s:23:42:23:74":10,"s:24:2:24:22":11,"f:30:16:30:29":2,"s:31:2:31:61":12,"f:37:9:37:29":3,"s:38:2:38:61":13,"b:38:19:38:38:38:41:38:60":0,"f:47:22:47:36":4,"b:47:66:47:85":1,"s:48:14:48:31":14,"s:49:22:51:3":15,"s:52:2:58:4":16,"f:62:15:62:28":5,"b:62:63:62:82":2,"s:63:15:63:57":17,"s:64:13:64:55":18,"s:65:14:65:62":19,"s:66:14:66:31":20,"s:67:21:67:101":21,"s:68:2:75:14":22,"f:79:15:79:28":6,"s:80:15:80:56":23,"s:81:13:81:52":24,"s:82:21:82:46":25,"s:83:14:83:38":26,"b:83:14:83:33:83:37:83:38":3,"s:84:21:84:46":27,"s:85:14:85:62":28,"s:86:2:91:3":29,"s:87:22:87:91":30,"s:88:4:88:47":31,"s:90:4:90:65":32,"f:94:9:94:23":7,"s:95:2:110:5":33,"f:95:21:95:22":8,"s:97:4:97:64":34,"s:97:10:97:29":35,"s:97:44:97:54":36,"s:97:55:97:62":37,"b:98:4:98:69:undefined:undefined:undefined:undefined":4,"s:98:4:98:69":38,"s:98:19:98:59":39,"s:98:60:98:67":40,"s:99:15:99:102":41,"b:99:80:99:97:99:100:99:101":5,"s:100:18:100:123":42,"f:100:29:100:30":9,"s:100:37:100:77":43,"s:100:43:100:62":44,"s:100:78:100:114":45,"s:101:4:107:6":46,"f:101:23:101:24":10,"b:102:6:102:35:undefined:undefined:undefined:undefined":6,"s:102:6:102:35":47,"s:102:28:102:35":48,"s:103:6:103:26":49,"s:104:6:104:46":50,"s:104:12:104:31":51,"b:105:6:106:43:106:11:106:43":7,"s:105:6:106:43":52,"s:105:21:105:44":53,"s:106:11:106:43":54,"s:108:4:108:147":55,"f:108:21:108:22":11,"s:108:30:108:50":56,"s:108:51:108:91":57,"s:108:57:108:76":58,"s:108:92:108:144":59,"b:108:100:108:101:108:105:108:112:108:117:108:142":8,"s:109:4:109:43":60,"s:113:29:114:120":61,"f:113:29:113:30":12,"s:114:3:114:119":62,"b:114:35:114:112:114:115:114:119":9,"f:122:22:122:40":13,"b:122:69:122:71":10,"s:123:18:123:60":63,"b:123:18:123:36:123:40:123:60":11,"b:124:2:126:3:undefined:undefined:undefined:undefined":12,"s:124:2:126:3":64,"s:125:4:125:122":65,"s:125:10:125:87":66,"s:127:2:127:44":67,"f:136:22:136:40":14,"b:136:71:136:73":13,"b:137:2:139:3:undefined:undefined:undefined:undefined":14,"s:137:2:139:3":68,"b:137:6:137:33:137:37:137:54:137:58:137:73:137:77:137:94":15,"s:138:4:138:63":69,"s:140:18:140:60":70,"b:140:18:140:36:140:40:140:60":16,"b:141:2:145:3:undefined:undefined:undefined:undefined":17,"s:141:2:145:3":71,"s:144:4:144:134":72,"s:144:10:144:99":73,"s:146:2:146:Infinity":74,"f:155:22:155:36":15,"s:156:15:156:68":75,"s:157:14:157:57":76,"s:158:2:158:Infinity":77,"f:158:45:158:46":16,"s:158:52:158:83":78,"f:161:22:161:30":17,"s:162:16:162:52":79,"s:163:18:163:34":80,"s:164:18:164:94":81,"s:165:15:169:3":82,"s:170:2:170:Infinity":83,"f:170:46:170:47":18,"s:170:53:170:84":84,"f:174:22:174:32":19,"s:175:2:175:Infinity":85,"f:183:22:183:32":20,"s:184:2:189:Infinity":86,"s:185:19:185:39":87,"s:186:4:186:Infinity":88,"s:188:4:188:Infinity":89},"fnNames":{}}}
,"C:\\Users\\micha\\Desktop\\Lumen\\src\\lib\\gemini.js": {"path":"C:\\Users\\micha\\Desktop\\Lumen\\src\\lib\\gemini.js","statementMap":{"0":{"start":{"line":21,"column":6},"end":{"line":21,"column":10}},"1":{"start":{"line":22,"column":2},"end":{"line":22,"column":45}},"2":{"start":{"line":22,"column":15},"end":{"line":22,"column":45}},"3":{"start":{"line":23,"column":2},"end":{"line":23,"column":46}},"4":{"start":{"line":23,"column":18},"end":{"line":23,"column":46}},"5":{"start":{"line":25,"column":14},"end":{"line":25,"column":116}},"6":{"start":{"line":26,"column":15},"end":{"line":26,"column":74}},"7":{"start":{"line":27,"column":2},"end":{"line":27,"column":91}},"8":{"start":{"line":27,"column":25},"end":{"line":27,"column":91}},"9":{"start":{"line":29,"column":18},"end":{"line":42,"column":3}},"10":{"start":{"line":30,"column":15},"end":{"line":30,"column":36}},"11":{"start":{"line":31,"column":18},"end":{"line":31,"column":57}},"12":{"start":{"line":31,"column":35},"end":{"line":31,"column":45}},"13":{"start":{"line":32,"column":4},"end":{"line":41,"column":5}},"14":{"start":{"line":33,"column":6},"end":{"line":38,"column":9}},"15":{"start":{"line":40,"column":6},"end":{"line":40,"column":26}},"16":{"start":{"line":45,"column":14},"end":{"line":45,"column":26}},"17":{"start":{"line":46,"column":2},"end":{"line":59,"column":3}},"18":{"start":{"line":46,"column":19},"end":{"line":46,"column":20}},"19":{"start":{"line":47,"column":4},"end":{"line":52,"column":5}},"20":{"start":{"line":48,"column":6},"end":{"line":48,"column":28}},"21":{"start":{"line":50,"column":6},"end":{"line":50,"column":74}},"22":{"start":{"line":50,"column":40},"end":{"line":50,"column":74}},"23":{"start":{"line":51,"column":6},"end":{"line":51,"column":14}},"24":{"start":{"line":53,"column":4},"end":{"line":53,"column":22}},"25":{"start":{"line":53,"column":16},"end":{"line":53,"column":22}},"26":{"start":{"line":54,"column":4},"end":{"line":54,"column":54}},"27":{"start":{"line":54,"column":48},"end":{"line":54,"column":54}},"28":{"start":{"line":55,"column":4},"end":{"line":55,"column":27}},"29":{"start":{"line":55,"column":21},"end":{"line":55,"column":27}},"30":{"start":{"line":56,"column":19},"end":{"line":56,"column":38}},"31":{"start":{"line":57,"column":4},"end":{"line":57,"column":60}},"32":{"start":{"line":57,"column":29},"end":{"line":57,"column":58}},"33":{"start":{"line":58,"column":4},"end":{"line":58,"column":15}},"34":{"start":{"line":60,"column":2},"end":{"line":63,"column":3}},"35":{"start":{"line":61,"column":16},"end":{"line":61,"column":50}},"36":{"start":{"line":61,"column":46},"end":{"line":61,"column":48}},"37":{"start":{"line":62,"column":4},"end":{"line":62,"column":86}},"38":{"start":{"line":64,"column":15},"end":{"line":64,"column":31}},"39":{"start":{"line":65,"column":15},"end":{"line":65,"column":62}},"40":{"start":{"line":66,"column":2},"end":{"line":66,"column":65}},"41":{"start":{"line":66,"column":13},"end":{"line":66,"column":65}},"42":{"start":{"line":67,"column":2},"end":{"line":67,"column":21}}},"fnMap":{"0":{"name":"requestGemini","decl":{"start":{"line":16,"column":22},"end":{"line":16,"column":35}},"loc":{"start":{"line":16,"column":42},"end":{"line":68,"column":1}},"line":16},"1":{"name":"(anonymous_1)","decl":{"start":{"line":29,"column":18},"end":{"line":29,"column":23}},"loc":{"start":{"line":29,"column":30},"end":{"line":42,"column":3}},"line":29},"2":{"name":"(anonymous_2)","decl":{"start":{"line":31,"column":29},"end":{"line":31,"column":30}},"loc":{"start":{"line":31,"column":35},"end":{"line":31,"column":45}},"line":31},"3":{"name":"(anonymous_3)","decl":{"start":{"line":57,"column":22},"end":{"line":57,"column":23}},"loc":{"start":{"line":57,"column":29},"end":{"line":57,"column":58}},"line":57},"4":{"name":"(anonymous_4)","decl":{"start":{"line":61,"column":39},"end":{"line":61,"column":40}},"loc":{"start":{"line":61,"column":46},"end":{"line":61,"column":48}},"line":61}},"branchMap":{"0":{"loc":{"start":{"line":18,"column":27},"end":{"line":18,"column":49}},"type":"default-arg","locations":[{"start":{"line":18,"column":47},"end":{"line":18,"column":49}}],"line":18},"1":{"loc":{"start":{"line":19,"column":4},"end":{"line":19,"column":61}},"type":"default-arg","locations":[{"start":{"line":19,"column":17},"end":{"line":19,"column":60}}],"line":19},"2":{"loc":{"start":{"line":19,"column":17},"end":{"line":19,"column":60}},"type":"cond-expr","locations":[{"start":{"line":19,"column":48},"end":{"line":19,"column":53}},{"start":{"line":19,"column":56},"end":{"line":19,"column":60}}],"line":19},"3":{"loc":{"start":{"line":20,"column":4},"end":{"line":20,"column":21}},"type":"default-arg","locations":[{"start":{"line":20,"column":16},"end":{"line":20,"column":21}}],"line":20},"4":{"loc":{"start":{"line":20,"column":23},"end":{"line":20,"column":42}},"type":"default-arg","locations":[{"start":{"line":20,"column":38},"end":{"line":20,"column":42}}],"line":20},"5":{"loc":{"start":{"line":22,"column":2},"end":{"line":22,"column":45}},"type":"if","locations":[{"start":{"line":22,"column":2},"end":{"line":22,"column":45}},{"start":{},"end":{}}],"line":22},"6":{"loc":{"start":{"line":23,"column":2},"end":{"line":23,"column":46}},"type":"if","locations":[{"start":{"line":23,"column":2},"end":{"line":23,"column":46}},{"start":{},"end":{}}],"line":23},"7":{"loc":{"start":{"line":27,"column":2},"end":{"line":27,"column":91}},"type":"if","locations":[{"start":{"line":27,"column":2},"end":{"line":27,"column":91}},{"start":{},"end":{}}],"line":27},"8":{"loc":{"start":{"line":50,"column":6},"end":{"line":50,"column":74}},"type":"if","locations":[{"start":{"line":50,"column":6},"end":{"line":50,"column":74}},{"start":{},"end":{}}],"line":50},"9":{"loc":{"start":{"line":50,"column":10},"end":{"line":50,"column":38}},"type":"binary-expr","locations":[{"start":{"line":50,"column":10},"end":{"line":50,"column":11}},{"start":{"line":50,"column":15},"end":{"line":50,"column":38}}],"line":50},"10":{"loc":{"start":{"line":53,"column":4},"end":{"line":53,"column":22}},"type":"if","locations":[{"start":{"line":53,"column":4},"end":{"line":53,"column":22}},{"start":{},"end":{}}],"line":53},"11":{"loc":{"start":{"line":54,"column":4},"end":{"line":54,"column":54}},"type":"if","locations":[{"start":{"line":54,"column":4},"end":{"line":54,"column":54}},{"start":{},"end":{}}],"line":54},"12":{"loc":{"start":{"line":54,"column":8},"end":{"line":54,"column":46}},"type":"binary-expr","locations":[{"start":{"line":54,"column":8},"end":{"line":54,"column":26}},{"start":{"line":54,"column":30},"end":{"line":54,"column":46}}],"line":54},"13":{"loc":{"start":{"line":55,"column":4},"end":{"line":55,"column":27}},"type":"if","locations":[{"start":{"line":55,"column":4},"end":{"line":55,"column":27}},{"start":{},"end":{}}],"line":55},"14":{"loc":{"start":{"line":60,"column":2},"end":{"line":63,"column":3}},"type":"if","locations":[{"start":{"line":60,"column":2},"end":{"line":63,"column":3}},{"start":{},"end":{}}],"line":60},"15":{"loc":{"start":{"line":62,"column":20},"end":{"line":62,"column":84}},"type":"binary-expr","locations":[{"start":{"line":62,"column":20},"end":{"line":62,"column":38}},{"start":{"line":62,"column":42},"end":{"line":62,"column":84}}],"line":62},"16":{"loc":{"start":{"line":66,"column":2},"end":{"line":66,"column":65}},"type":"if","locations":[{"start":{"line":66,"column":2},"end":{"line":66,"column":65}},{"start":{},"end":{}}],"line":66}},"s":{"0":12,"1":12,"2":2,"3":10,"4":1,"5":9,"6":9,"7":9,"8":1,"9":9,"10":13,"11":13,"12":1,"13":13,"14":13,"15":13,"16":9,"17":9,"18":9,"19":13,"20":13,"21":2,"22":2,"23":0,"24":11,"25":5,"26":6,"27":1,"28":5,"29":1,"30":4,"31":4,"32":4,"33":4,"34":11,"35":2,"36":0,"37":2,"38":5,"39":5,"40":12,"41":1,"42":4},"f":{"0":12,"1":13,"2":1,"3":4,"4":0},"b":{"0":[12],"1":[12],"2":[2,0],"3":[12],"4":[12],"5":[2,10],"6":[1,9],"7":[1,8],"8":[2,0],"9":[2,2],"10":[5,6],"11":[1,5],"12":[6,1],"13":[1,4],"14":[2,9],"15":[2,0],"16":[1,11]},"meta":{"lastBranch":17,"lastFunction":5,"lastStatement":43,"seen":{"f:16:22:16:35":0,"s:21:6:21:10":0,"b:18:47:18:49":0,"b:19:17:19:60":1,"b:19:48:19:53:19:56:19:60":2,"b:20:16:20:21":3,"b:20:38:20:42":4,"b:22:2:22:45:undefined:undefined:undefined:undefined":5,"s:22:2:22:45":1,"s:22:15:22:45":2,"b:23:2:23:46:undefined:undefined:undefined:undefined":6,"s:23:2:23:46":3,"s:23:18:23:46":4,"s:25:14:25:116":5,"s:26:15:26:74":6,"b:27:2:27:91:undefined:undefined:undefined:undefined":7,"s:27:2:27:91":7,"s:27:25:27:91":8,"s:29:18:42:3":9,"f:29:18:29:23":1,"s:30:15:30:36":10,"s:31:18:31:57":11,"f:31:29:31:30":2,"s:31:35:31:45":12,"s:32:4:41:5":13,"s:33:6:38:9":14,"s:40:6:40:26":15,"s:45:14:45:26":16,"s:46:2:59:3":17,"s:46:19:46:20":18,"s:47:4:52:5":19,"s:48:6:48:28":20,"b:50:6:50:74:undefined:undefined:undefined:undefined":8,"s:50:6:50:74":21,"b:50:10:50:11:50:15:50:38":9,"s:50:40:50:74":22,"s:51:6:51:14":23,"b:53:4:53:22:undefined:undefined:undefined:undefined":10,"s:53:4:53:22":24,"s:53:16:53:22":25,"b:54:4:54:54:undefined:undefined:undefined:undefined":11,"s:54:4:54:54":26,"b:54:8:54:26:54:30:54:46":12,"s:54:48:54:54":27,"b:55:4:55:27:undefined:undefined:undefined:undefined":13,"s:55:4:55:27":28,"s:55:21:55:27":29,"s:56:19:56:38":30,"s:57:4:57:60":31,"f:57:22:57:23":3,"s:57:29:57:58":32,"s:58:4:58:15":33,"b:60:2:63:3:undefined:undefined:undefined:undefined":14,"s:60:2:63:3":34,"s:61:16:61:50":35,"f:61:39:61:40":4,"s:61:46:61:48":36,"s:62:4:62:86":37,"b:62:20:62:38:62:42:62:84":15,"s:64:15:64:31":38,"s:65:15:65:62":39,"b:66:2:66:65:undefined:undefined:undefined:undefined":16,"s:66:2:66:65":40,"s:66:13:66:65":41,"s:67:2:67:21":42},"fnNames":{}}}
,"C:\\Users\\micha\\Desktop\\Lumen\\src\\lib\\globals.js": {"path":"C:\\Users\\micha\\Desktop\\Lumen\\src\\lib\\globals.js","statementMap":{"0":{"start":{"line":26,"column":0},"end":{"line":41,"column":2}}},"fnMap":{},"branchMap":{},"s":{"0":1},"f":{},"b":{},"meta":{"lastBranch":0,"lastFunction":0,"lastStatement":1,"seen":{"s:26:0:41:2":0},"fnNames":{}}}
,"C:\\Users\\micha\\Desktop\\Lumen\\src\\lib\\helpers.js": {"path":"C:\\Users\\micha\\Desktop\\Lumen\\src\\lib\\helpers.js","statementMap":{"0":{"start":{"line":11,"column":2},"end":{"line":16,"column":null}},"1":{"start":{"line":20,"column":19},"end":{"line":20,"column":29}},"2":{"start":{"line":30,"column":2},"end":{"line":30,"column":null}},"3":{"start":{"line":40,"column":2},"end":{"line":40,"column":null}},"4":{"start":{"line":44,"column":12},"end":{"line":44,"column":27}},"5":{"start":{"line":44,"column":33},"end":{"line":44,"column":74}},"6":{"start":{"line":44,"column":82},"end":{"line":44,"column":118}},"7":{"start":{"line":45,"column":2},"end":{"line":45,"column":null}},"8":{"start":{"line":47,"column":24},"end":{"line":47,"column":39}},"9":{"start":{"line":47,"column":30},"end":{"line":47,"column":39}},"10":{"start":{"line":49,"column":12},"end":{"line":49,"column":26}},"11":{"start":{"line":49,"column":28},"end":{"line":49,"column":55}},"12":{"start":{"line":49,"column":56},"end":{"line":49,"column":null}},"13":{"start":{"line":51,"column":35},"end":{"line":51,"column":72}},"14":{"start":{"line":53,"column":9},"end":{"line":53,"column":null}},"15":{"start":{"line":53,"column":28},"end":{"line":53,"column":44}},"16":{"start":{"line":53,"column":45},"end":{"line":53,"column":80}},"17":{"start":{"line":53,"column":66},"end":{"line":53,"column":74}},"18":{"start":{"line":62,"column":2},"end":{"line":62,"column":null}},"19":{"start":{"line":62,"column":20},"end":{"line":62,"column":null}},"20":{"start":{"line":63,"column":2},"end":{"line":63,"column":null}},"21":{"start":{"line":63,"column":27},"end":{"line":63,"column":null}},"22":{"start":{"line":64,"column":2},"end":{"line":64,"column":null}},"23":{"start":{"line":77,"column":2},"end":{"line":77,"column":null}},"24":{"start":{"line":77,"column":16},"end":{"line":77,"column":null}},"25":{"start":{"line":78,"column":12},"end":{"line":78,"column":43}},"26":{"start":{"line":79,"column":2},"end":{"line":79,"column":null}},"27":{"start":{"line":88,"column":2},"end":{"line":88,"column":null}},"28":{"start":{"line":88,"column":16},"end":{"line":88,"column":null}},"29":{"start":{"line":89,"column":12},"end":{"line":89,"column":43}},"30":{"start":{"line":90,"column":2},"end":{"line":90,"column":null}},"31":{"start":{"line":99,"column":2},"end":{"line":99,"column":null}},"32":{"start":{"line":108,"column":12},"end":{"line":108,"column":32}},"33":{"start":{"line":108,"column":38},"end":{"line":108,"column":46}},"34":{"start":{"line":109,"column":2},"end":{"line":109,"column":null}},"35":{"start":{"line":118,"column":15},"end":{"line":118,"column":43}},"36":{"start":{"line":119,"column":12},"end":{"line":119,"column":35}},"37":{"start":{"line":120,"column":2},"end":{"line":120,"column":null}},"38":{"start":{"line":120,"column":14},"end":{"line":120,"column":null}},"39":{"start":{"line":121,"column":12},"end":{"line":121,"column":30}},"40":{"start":{"line":122,"column":2},"end":{"line":122,"column":null}},"41":{"start":{"line":122,"column":14},"end":{"line":122,"column":null}},"42":{"start":{"line":123,"column":12},"end":{"line":123,"column":30}},"43":{"start":{"line":124,"column":2},"end":{"line":124,"column":null}},"44":{"start":{"line":124,"column":14},"end":{"line":124,"column":null}},"45":{"start":{"line":125,"column":2},"end":{"line":125,"column":null}},"46":{"start":{"line":137,"column":14},"end":{"line":137,"column":104}},"47":{"start":{"line":138,"column":2},"end":{"line":138,"column":null}}},"fnMap":{"0":{"name":"htmlEscape","decl":{"start":{"line":10,"column":16},"end":{"line":10,"column":26}},"loc":{"start":{"line":10,"column":30},"end":{"line":17,"column":null}},"line":10},"1":{"name":"safeAttr","decl":{"start":{"line":29,"column":16},"end":{"line":29,"column":24}},"loc":{"start":{"line":29,"column":28},"end":{"line":31,"column":null}},"line":29},"2":{"name":"attr","decl":{"start":{"line":39,"column":16},"end":{"line":39,"column":20}},"loc":{"start":{"line":39,"column":34},"end":{"line":41,"column":null}},"line":39},"3":{"name":"isoDate","decl":{"start":{"line":43,"column":16},"end":{"line":43,"column":23}},"loc":{"start":{"line":43,"column":40},"end":{"line":46,"column":null}},"line":43},"4":{"name":"(anonymous_4)","decl":{"start":{"line":47,"column":24},"end":{"line":47,"column":25}},"loc":{"start":{"line":47,"column":30},"end":{"line":47,"column":39}},"line":47},"5":{"name":"shiftDays","decl":{"start":{"line":48,"column":16},"end":{"line":48,"column":25}},"loc":{"start":{"line":48,"column":48},"end":{"line":50,"column":null}},"line":48},"6":{"name":"clamp","decl":{"start":{"line":51,"column":16},"end":{"line":51,"column":21}},"loc":{"start":{"line":51,"column":33},"end":{"line":51,"column":null}},"line":51},"7":{"name":"debounce","decl":{"start":{"line":52,"column":16},"end":{"line":52,"column":24}},"loc":{"start":{"line":52,"column":33},"end":{"line":54,"column":null}},"line":52},"8":{"name":"(anonymous_8)","decl":{"start":{"line":53,"column":16},"end":{"line":53,"column":17}},"loc":{"start":{"line":53,"column":26},"end":{"line":53,"column":82}},"line":53},"9":{"name":"(anonymous_9)","decl":{"start":{"line":53,"column":60},"end":{"line":53,"column":61}},"loc":{"start":{"line":53,"column":66},"end":{"line":53,"column":74}},"line":53},"10":{"name":"fileSizeStr","decl":{"start":{"line":61,"column":16},"end":{"line":61,"column":27}},"loc":{"start":{"line":61,"column":35},"end":{"line":65,"column":null}},"line":61},"11":{"name":"fmtShort","decl":{"start":{"line":76,"column":16},"end":{"line":76,"column":24}},"loc":{"start":{"line":76,"column":34},"end":{"line":80,"column":null}},"line":76},"12":{"name":"fmtFull","decl":{"start":{"line":87,"column":16},"end":{"line":87,"column":23}},"loc":{"start":{"line":87,"column":33},"end":{"line":91,"column":null}},"line":87},"13":{"name":"fmtWhen","decl":{"start":{"line":98,"column":16},"end":{"line":98,"column":23}},"loc":{"start":{"line":98,"column":28},"end":{"line":100,"column":null}},"line":98},"14":{"name":"fmtDur","decl":{"start":{"line":107,"column":16},"end":{"line":107,"column":22}},"loc":{"start":{"line":107,"column":28},"end":{"line":110,"column":null}},"line":107},"15":{"name":"timeAgo","decl":{"start":{"line":117,"column":16},"end":{"line":117,"column":23}},"loc":{"start":{"line":117,"column":28},"end":{"line":126,"column":null}},"line":117},"16":{"name":"fmtM","decl":{"start":{"line":136,"column":16},"end":{"line":136,"column":20}},"loc":{"start":{"line":136,"column":38},"end":{"line":139,"column":null}},"line":136}},"branchMap":{"0":{"loc":{"start":{"line":11,"column":16},"end":{"line":11,"column":34}},"type":"cond-expr","locations":[{"start":{"line":11,"column":28},"end":{"line":11,"column":30}},{"start":{"line":11,"column":33},"end":{"line":11,"column":34}}],"line":11},"1":{"loc":{"start":{"line":43,"column":24},"end":{"line":43,"column":38}},"type":"default-arg","locations":[{"start":{"line":43,"column":28},"end":{"line":43,"column":38}}],"line":43},"2":{"loc":{"start":{"line":48,"column":29},"end":{"line":48,"column":46}},"type":"default-arg","locations":[{"start":{"line":48,"column":36},"end":{"line":48,"column":46}}],"line":48},"3":{"loc":{"start":{"line":62,"column":2},"end":{"line":62,"column":null}},"type":"if","locations":[{"start":{"line":62,"column":2},"end":{"line":62,"column":null}},{"start":{},"end":{}}],"line":62},"4":{"loc":{"start":{"line":63,"column":2},"end":{"line":63,"column":null}},"type":"if","locations":[{"start":{"line":63,"column":2},"end":{"line":63,"column":null}},{"start":{},"end":{}}],"line":63},"5":{"loc":{"start":{"line":77,"column":2},"end":{"line":77,"column":null}},"type":"if","locations":[{"start":{"line":77,"column":2},"end":{"line":77,"column":null}},{"start":{},"end":{}}],"line":77},"6":{"loc":{"start":{"line":88,"column":2},"end":{"line":88,"column":null}},"type":"if","locations":[{"start":{"line":88,"column":2},"end":{"line":88,"column":null}},{"start":{},"end":{}}],"line":88},"7":{"loc":{"start":{"line":109,"column":9},"end":{"line":109,"column":40}},"type":"cond-expr","locations":[{"start":{"line":109,"column":17},"end":{"line":109,"column":30}},{"start":{"line":109,"column":33},"end":{"line":109,"column":40}}],"line":109},"8":{"loc":{"start":{"line":120,"column":2},"end":{"line":120,"column":null}},"type":"if","locations":[{"start":{"line":120,"column":2},"end":{"line":120,"column":null}},{"start":{},"end":{}}],"line":120},"9":{"loc":{"start":{"line":122,"column":2},"end":{"line":122,"column":null}},"type":"if","locations":[{"start":{"line":122,"column":2},"end":{"line":122,"column":null}},{"start":{},"end":{}}],"line":122},"10":{"loc":{"start":{"line":124,"column":2},"end":{"line":124,"column":null}},"type":"if","locations":[{"start":{"line":124,"column":2},"end":{"line":124,"column":null}},{"start":{},"end":{}}],"line":124},"11":{"loc":{"start":{"line":136,"column":24},"end":{"line":136,"column":36}},"type":"default-arg","locations":[{"start":{"line":136,"column":31},"end":{"line":136,"column":36}}],"line":136},"12":{"loc":{"start":{"line":137,"column":15},"end":{"line":137,"column":21}},"type":"binary-expr","locations":[{"start":{"line":137,"column":15},"end":{"line":137,"column":16}},{"start":{"line":137,"column":20},"end":{"line":137,"column":21}}],"line":137},"13":{"loc":{"start":{"line":138,"column":9},"end":{"line":138,"column":47}},"type":"cond-expr","locations":[{"start":{"line":138,"column":26},"end":{"line":138,"column":35}},{"start":{"line":138,"column":38},"end":{"line":138,"column":47}}],"line":138}},"s":{"0":695,"1":15,"2":4,"3":2,"4":27484,"5":27484,"6":27484,"7":27484,"8":15,"9":8,"10":5,"11":5,"12":5,"13":4,"14":1,"15":3,"16":3,"17":1,"18":9,"19":3,"20":6,"21":4,"22":2,"23":21,"24":2,"25":19,"26":19,"27":3,"28":2,"29":1,"30":1,"31":10,"32":4,"33":4,"34":4,"35":6,"36":6,"37":6,"38":3,"39":3,"40":3,"41":1,"42":2,"43":2,"44":1,"45":1,"46":29,"47":29},"f":{"0":695,"1":4,"2":2,"3":27484,"4":8,"5":5,"6":4,"7":1,"8":3,"9":1,"10":9,"11":21,"12":3,"13":10,"14":4,"15":6,"16":29},"b":{"0":[10,685],"1":[27484],"2":[5],"3":[3,6],"4":[4,2],"5":[2,19],"6":[2,1],"7":[2,2],"8":[3,3],"9":[1,2],"10":[1,1],"11":[29],"12":[29,1],"13":[1,28]},"meta":{"lastBranch":14,"lastFunction":17,"lastStatement":48,"seen":{"f:10:16:10:26":0,"s:11:2:16:Infinity":0,"b:11:28:11:30:11:33:11:34":0,"s:20:19:20:29":1,"f:29:16:29:24":1,"s:30:2:30:Infinity":2,"f:39:16:39:20":2,"s:40:2:40:Infinity":3,"f:43:16:43:23":3,"b:43:28:43:38":1,"s:44:12:44:27":4,"s:44:33:44:74":5,"s:44:82:44:118":6,"s:45:2:45:Infinity":7,"s:47:24:47:39":8,"f:47:24:47:25":4,"s:47:30:47:39":9,"f:48:16:48:25":5,"b:48:36:48:46":2,"s:49:12:49:26":10,"s:49:28:49:55":11,"s:49:56:49:Infinity":12,"f:51:16:51:21":6,"s:51:35:51:72":13,"f:52:16:52:24":7,"s:53:9:53:Infinity":14,"f:53:16:53:17":8,"s:53:28:53:44":15,"s:53:45:53:80":16,"f:53:60:53:61":9,"s:53:66:53:74":17,"f:61:16:61:27":10,"b:62:2:62:Infinity:undefined:undefined:undefined:undefined":3,"s:62:2:62:Infinity":18,"s:62:20:62:Infinity":19,"b:63:2:63:Infinity:undefined:undefined:undefined:undefined":4,"s:63:2:63:Infinity":20,"s:63:27:63:Infinity":21,"s:64:2:64:Infinity":22,"f:76:16:76:24":11,"b:77:2:77:Infinity:undefined:undefined:undefined:undefined":5,"s:77:2:77:Infinity":23,"s:77:16:77:Infinity":24,"s:78:12:78:43":25,"s:79:2:79:Infinity":26,"f:87:16:87:23":12,"b:88:2:88:Infinity:undefined:undefined:undefined:undefined":6,"s:88:2:88:Infinity":27,"s:88:16:88:Infinity":28,"s:89:12:89:43":29,"s:90:2:90:Infinity":30,"f:98:16:98:23":13,"s:99:2:99:Infinity":31,"f:107:16:107:22":14,"s:108:12:108:32":32,"s:108:38:108:46":33,"s:109:2:109:Infinity":34,"b:109:17:109:30:109:33:109:40":7,"f:117:16:117:23":15,"s:118:15:118:43":35,"s:119:12:119:35":36,"b:120:2:120:Infinity:undefined:undefined:undefined:undefined":8,"s:120:2:120:Infinity":37,"s:120:14:120:Infinity":38,"s:121:12:121:30":39,"b:122:2:122:Infinity:undefined:undefined:undefined:undefined":9,"s:122:2:122:Infinity":40,"s:122:14:122:Infinity":41,"s:123:12:123:30":42,"b:124:2:124:Infinity:undefined:undefined:undefined:undefined":10,"s:124:2:124:Infinity":43,"s:124:14:124:Infinity":44,"s:125:2:125:Infinity":45,"f:136:16:136:20":16,"b:136:31:136:36":11,"s:137:14:137:104":46,"b:137:15:137:16:137:20:137:21":12,"s:138:2:138:Infinity":47,"b:138:26:138:35:138:38:138:47":13},"fnNames":{}}}
,"C:\\Users\\micha\\Desktop\\Lumen\\src\\lib\\merge.js": {"path":"C:\\Users\\micha\\Desktop\\Lumen\\src\\lib\\merge.js","statementMap":{"0":{"start":{"line":8,"column":2},"end":{"line":8,"column":40}},"1":{"start":{"line":8,"column":27},"end":{"line":8,"column":40}},"2":{"start":{"line":9,"column":12},"end":{"line":9,"column":13}},"3":{"start":{"line":10,"column":2},"end":{"line":13,"column":3}},"4":{"start":{"line":10,"column":15},"end":{"line":10,"column":16}},"5":{"start":{"line":11,"column":14},"end":{"line":11,"column":36}},"6":{"start":{"line":12,"column":4},"end":{"line":12,"column":25}},"7":{"start":{"line":12,"column":17},"end":{"line":12,"column":25}},"8":{"start":{"line":14,"column":2},"end":{"line":14,"column":32}},"9":{"start":{"line":18,"column":2},"end":{"line":18,"column":25}},"10":{"start":{"line":18,"column":12},"end":{"line":18,"column":25}},"11":{"start":{"line":19,"column":15},"end":{"line":19,"column":31}},"12":{"start":{"line":20,"column":12},"end":{"line":20,"column":13}},"13":{"start":{"line":21,"column":2},"end":{"line":24,"column":3}},"14":{"start":{"line":21,"column":15},"end":{"line":21,"column":16}},"15":{"start":{"line":22,"column":14},"end":{"line":22,"column":43}},"16":{"start":{"line":23,"column":4},"end":{"line":23,"column":25}},"17":{"start":{"line":23,"column":17},"end":{"line":23,"column":25}},"18":{"start":{"line":25,"column":2},"end":{"line":25,"column":33}},"19":{"start":{"line":29,"column":2},"end":{"line":29,"column":25}},"20":{"start":{"line":29,"column":12},"end":{"line":29,"column":25}},"21":{"start":{"line":30,"column":18},"end":{"line":30,"column":37}},"22":{"start":{"line":31,"column":12},"end":{"line":31,"column":13}},"23":{"start":{"line":32,"column":2},"end":{"line":36,"column":3}},"24":{"start":{"line":32,"column":15},"end":{"line":32,"column":16}},"25":{"start":{"line":33,"column":16},"end":{"line":33,"column":29}},"26":{"start":{"line":34,"column":16},"end":{"line":34,"column":49}},"27":{"start":{"line":35,"column":4},"end":{"line":35,"column":29}},"28":{"start":{"line":35,"column":19},"end":{"line":35,"column":29}},"29":{"start":{"line":37,"column":2},"end":{"line":37,"column":36}},"30":{"start":{"line":41,"column":2},"end":{"line":41,"column":24}},"31":{"start":{"line":41,"column":11},"end":{"line":41,"column":24}},"32":{"start":{"line":42,"column":15},"end":{"line":42,"column":30}},"33":{"start":{"line":43,"column":12},"end":{"line":43,"column":13}},"34":{"start":{"line":44,"column":2},"end":{"line":49,"column":3}},"35":{"start":{"line":45,"column":4},"end":{"line":48,"column":5}},"36":{"start":{"line":45,"column":17},"end":{"line":45,"column":18}},"37":{"start":{"line":46,"column":16},"end":{"line":46,"column":34}},"38":{"start":{"line":47,"column":6},"end":{"line":47,"column":27}},"39":{"start":{"line":47,"column":19},"end":{"line":47,"column":27}},"40":{"start":{"line":50,"column":2},"end":{"line":50,"column":33}},"41":{"start":{"line":54,"column":2},"end":{"line":54,"column":40}},"42":{"start":{"line":54,"column":27},"end":{"line":54,"column":40}},"43":{"start":{"line":55,"column":12},"end":{"line":55,"column":13}},"44":{"start":{"line":56,"column":2},"end":{"line":61,"column":3}},"45":{"start":{"line":57,"column":4},"end":{"line":60,"column":5}},"46":{"start":{"line":57,"column":17},"end":{"line":57,"column":18}},"47":{"start":{"line":58,"column":16},"end":{"line":58,"column":33}},"48":{"start":{"line":59,"column":6},"end":{"line":59,"column":27}},"49":{"start":{"line":59,"column":19},"end":{"line":59,"column":27}},"50":{"start":{"line":62,"column":2},"end":{"line":62,"column":32}},"51":{"start":{"line":66,"column":2},"end":{"line":66,"column":20}},"52":{"start":{"line":66,"column":10},"end":{"line":66,"column":20}},"53":{"start":{"line":67,"column":2},"end":{"line":79,"column":14}},"54":{"start":{"line":87,"column":17},"end":{"line":87,"column":32}},"55":{"start":{"line":88,"column":19},"end":{"line":100,"column":3}},"56":{"start":{"line":89,"column":17},"end":{"line":89,"column":60}},"57":{"start":{"line":90,"column":4},"end":{"line":90,"column":80}},"58":{"start":{"line":90,"column":66},"end":{"line":90,"column":78}},"59":{"start":{"line":91,"column":4},"end":{"line":91,"column":45}},"60":{"start":{"line":92,"column":17},"end":{"line":92,"column":26}},"61":{"start":{"line":93,"column":4},"end":{"line":93,"column":82}},"62":{"start":{"line":93,"column":36},"end":{"line":93,"column":78}},"63":{"start":{"line":93,"column":58},"end":{"line":93,"column":78}},"64":{"start":{"line":94,"column":4},"end":{"line":98,"column":7}},"65":{"start":{"line":95,"column":6},"end":{"line":95,"column":51}},"66":{"start":{"line":95,"column":44},"end":{"line":95,"column":51}},"67":{"start":{"line":96,"column":17},"end":{"line":96,"column":32}},"68":{"start":{"line":97,"column":6},"end":{"line":97,"column":80}},"69":{"start":{"line":97,"column":60},"end":{"line":97,"column":80}},"70":{"start":{"line":99,"column":4},"end":{"line":99,"column":30}},"71":{"start":{"line":101,"column":2},"end":{"line":101,"column":58}},"72":{"start":{"line":102,"column":2},"end":{"line":102,"column":58}},"73":{"start":{"line":103,"column":2},"end":{"line":103,"column":62}},"74":{"start":{"line":104,"column":2},"end":{"line":104,"column":58}},"75":{"start":{"line":105,"column":2},"end":{"line":105,"column":78}},"76":{"start":{"line":106,"column":2},"end":{"line":106,"column":70}},"77":{"start":{"line":107,"column":2},"end":{"line":107,"column":74}},"78":{"start":{"line":108,"column":2},"end":{"line":108,"column":62}},"79":{"start":{"line":109,"column":2},"end":{"line":109,"column":70}},"80":{"start":{"line":110,"column":2},"end":{"line":110,"column":94}},"81":{"start":{"line":111,"column":2},"end":{"line":111,"column":102}},"82":{"start":{"line":112,"column":2},"end":{"line":112,"column":70}},"83":{"start":{"line":113,"column":2},"end":{"line":113,"column":78}},"84":{"start":{"line":114,"column":2},"end":{"line":114,"column":82}},"85":{"start":{"line":115,"column":2},"end":{"line":115,"column":82}},"86":{"start":{"line":117,"column":2},"end":{"line":117,"column":59}},"87":{"start":{"line":117,"column":31},"end":{"line":117,"column":59}},"88":{"start":{"line":118,"column":2},"end":{"line":118,"column":71}},"89":{"start":{"line":118,"column":37},"end":{"line":118,"column":71}},"90":{"start":{"line":119,"column":2},"end":{"line":119,"column":53}},"91":{"start":{"line":119,"column":28},"end":{"line":119,"column":53}},"92":{"start":{"line":120,"column":2},"end":{"line":120,"column":114}},"93":{"start":{"line":120,"column":28},"end":{"line":120,"column":114}},"94":{"start":{"line":121,"column":2},"end":{"line":121,"column":73}},"95":{"start":{"line":121,"column":38},"end":{"line":121,"column":73}},"96":{"start":{"line":122,"column":2},"end":{"line":122,"column":77}},"97":{"start":{"line":122,"column":40},"end":{"line":122,"column":77}},"98":{"start":{"line":123,"column":2},"end":{"line":123,"column":89}},"99":{"start":{"line":123,"column":46},"end":{"line":123,"column":89}},"100":{"start":{"line":124,"column":21},"end":{"line":124,"column":44}},"101":{"start":{"line":125,"column":24},"end":{"line":125,"column":50}},"102":{"start":{"line":126,"column":25},"end":{"line":126,"column":57}},"103":{"start":{"line":128,"column":2},"end":{"line":163,"column":3}},"104":{"start":{"line":129,"column":4},"end":{"line":129,"column":47}},"105":{"start":{"line":129,"column":26},"end":{"line":129,"column":47}},"106":{"start":{"line":130,"column":28},"end":{"line":130,"column":98}},"107":{"start":{"line":132,"column":4},"end":{"line":136,"column":7}},"108":{"start":{"line":133,"column":22},"end":{"line":133,"column":49}},"109":{"start":{"line":134,"column":21},"end":{"line":134,"column":58}},"110":{"start":{"line":135,"column":6},"end":{"line":135,"column":137}},"111":{"start":{"line":135,"column":41},"end":{"line":135,"column":67}},"112":{"start":{"line":135,"column":68},"end":{"line":135,"column":96}},"113":{"start":{"line":135,"column":97},"end":{"line":135,"column":135}},"114":{"start":{"line":138,"column":4},"end":{"line":145,"column":5}},"115":{"start":{"line":139,"column":6},"end":{"line":144,"column":9}},"116":{"start":{"line":140,"column":20},"end":{"line":140,"column":57}},"117":{"start":{"line":141,"column":8},"end":{"line":141,"column":60}},"118":{"start":{"line":141,"column":22},"end":{"line":141,"column":60}},"119":{"start":{"line":142,"column":24},"end":{"line":142,"column":51}},"120":{"start":{"line":143,"column":8},"end":{"line":143,"column":85}},"121":{"start":{"line":143,"column":28},"end":{"line":143,"column":54}},"122":{"start":{"line":143,"column":55},"end":{"line":143,"column":83}},"123":{"start":{"line":146,"column":4},"end":{"line":154,"column":7}},"124":{"start":{"line":147,"column":20},"end":{"line":147,"column":53}},"125":{"start":{"line":148,"column":22},"end":{"line":148,"column":49}},"126":{"start":{"line":149,"column":21},"end":{"line":149,"column":58}},"127":{"start":{"line":150,"column":6},"end":{"line":153,"column":7}},"128":{"start":{"line":151,"column":8},"end":{"line":152,"column":117}},"129":{"start":{"line":151,"column":17},"end":{"line":151,"column":40}},"130":{"start":{"line":151,"column":41},"end":{"line":151,"column":72}},"131":{"start":{"line":151,"column":73},"end":{"line":151,"column":113}},"132":{"start":{"line":152,"column":15},"end":{"line":152,"column":41}},"133":{"start":{"line":152,"column":42},"end":{"line":152,"column":73}},"134":{"start":{"line":152,"column":74},"end":{"line":152,"column":115}},"135":{"start":{"line":156,"column":4},"end":{"line":162,"column":7}},"136":{"start":{"line":157,"column":6},"end":{"line":161,"column":7}},"137":{"start":{"line":158,"column":22},"end":{"line":158,"column":55}},"138":{"start":{"line":159,"column":24},"end":{"line":159,"column":51}},"139":{"start":{"line":160,"column":8},"end":{"line":160,"column":133}},"140":{"start":{"line":160,"column":31},"end":{"line":160,"column":57}},"141":{"start":{"line":160,"column":58},"end":{"line":160,"column":89}},"142":{"start":{"line":160,"column":90},"end":{"line":160,"column":131}},"143":{"start":{"line":165,"column":2},"end":{"line":187,"column":3}},"144":{"start":{"line":166,"column":19},"end":{"line":166,"column":51}},"145":{"start":{"line":167,"column":4},"end":{"line":172,"column":7}},"146":{"start":{"line":168,"column":20},"end":{"line":168,"column":59}},"147":{"start":{"line":169,"column":22},"end":{"line":169,"column":55}},"148":{"start":{"line":170,"column":21},"end":{"line":170,"column":63}},"149":{"start":{"line":171,"column":6},"end":{"line":171,"column":150}},"150":{"start":{"line":171,"column":47},"end":{"line":171,"column":64}},"151":{"start":{"line":171,"column":65},"end":{"line":171,"column":102}},"152":{"start":{"line":171,"column":103},"end":{"line":171,"column":148}},"153":{"start":{"line":174,"column":4},"end":{"line":177,"column":7}},"154":{"start":{"line":175,"column":22},"end":{"line":175,"column":55}},"155":{"start":{"line":176,"column":6},"end":{"line":176,"column":44}},"156":{"start":{"line":176,"column":24},"end":{"line":176,"column":44}},"157":{"start":{"line":179,"column":19},"end":{"line":179,"column":65}},"158":{"start":{"line":180,"column":4},"end":{"line":185,"column":5}},"159":{"start":{"line":181,"column":6},"end":{"line":184,"column":9}},"160":{"start":{"line":182,"column":20},"end":{"line":182,"column":62}},"161":{"start":{"line":183,"column":8},"end":{"line":183,"column":125}},"162":{"start":{"line":183,"column":24},"end":{"line":183,"column":67}},"163":{"start":{"line":183,"column":68},"end":{"line":183,"column":88}},"164":{"start":{"line":183,"column":89},"end":{"line":183,"column":123}},"165":{"start":{"line":186,"column":4},"end":{"line":186,"column":36}},"166":{"start":{"line":189,"column":2},"end":{"line":209,"column":3}},"167":{"start":{"line":190,"column":19},"end":{"line":190,"column":57}},"168":{"start":{"line":191,"column":4},"end":{"line":196,"column":7}},"169":{"start":{"line":192,"column":20},"end":{"line":192,"column":60}},"170":{"start":{"line":193,"column":22},"end":{"line":193,"column":61}},"171":{"start":{"line":194,"column":21},"end":{"line":194,"column":69}},"172":{"start":{"line":195,"column":6},"end":{"line":195,"column":162}},"173":{"start":{"line":195,"column":47},"end":{"line":195,"column":64}},"174":{"start":{"line":195,"column":65},"end":{"line":195,"column":108}},"175":{"start":{"line":195,"column":109},"end":{"line":195,"column":160}},"176":{"start":{"line":197,"column":4},"end":{"line":200,"column":7}},"177":{"start":{"line":198,"column":22},"end":{"line":198,"column":61}},"178":{"start":{"line":199,"column":6},"end":{"line":199,"column":44}},"179":{"start":{"line":199,"column":24},"end":{"line":199,"column":44}},"180":{"start":{"line":201,"column":20},"end":{"line":201,"column":72}},"181":{"start":{"line":202,"column":4},"end":{"line":207,"column":5}},"182":{"start":{"line":203,"column":6},"end":{"line":206,"column":9}},"183":{"start":{"line":204,"column":20},"end":{"line":204,"column":68}},"184":{"start":{"line":205,"column":8},"end":{"line":205,"column":137}},"185":{"start":{"line":205,"column":24},"end":{"line":205,"column":73}},"186":{"start":{"line":205,"column":74},"end":{"line":205,"column":94}},"187":{"start":{"line":205,"column":95},"end":{"line":205,"column":135}},"188":{"start":{"line":208,"column":4},"end":{"line":208,"column":42}},"189":{"start":{"line":211,"column":2},"end":{"line":215,"column":3}},"190":{"start":{"line":212,"column":16},"end":{"line":212,"column":72}},"191":{"start":{"line":212,"column":61},"end":{"line":212,"column":70}},"192":{"start":{"line":213,"column":4},"end":{"line":213,"column":73}},"193":{"start":{"line":213,"column":37},"end":{"line":213,"column":69}},"194":{"start":{"line":213,"column":52},"end":{"line":213,"column":69}},"195":{"start":{"line":214,"column":4},"end":{"line":214,"column":42}},"196":{"start":{"line":217,"column":2},"end":{"line":217,"column":57}},"197":{"start":{"line":217,"column":30},"end":{"line":217,"column":57}},"198":{"start":{"line":218,"column":2},"end":{"line":218,"column":69}},"199":{"start":{"line":218,"column":36},"end":{"line":218,"column":69}},"200":{"start":{"line":219,"column":2},"end":{"line":219,"column":53}},"201":{"start":{"line":219,"column":28},"end":{"line":219,"column":53}},"202":{"start":{"line":220,"column":2},"end":{"line":220,"column":75}},"203":{"start":{"line":220,"column":39},"end":{"line":220,"column":75}},"204":{"start":{"line":221,"column":2},"end":{"line":221,"column":87}},"205":{"start":{"line":221,"column":45},"end":{"line":221,"column":87}},"206":{"start":{"line":223,"column":29},"end":{"line":228,"column":3}},"207":{"start":{"line":224,"column":14},"end":{"line":224,"column":38}},"208":{"start":{"line":225,"column":4},"end":{"line":225,"column":44}},"209":{"start":{"line":225,"column":26},"end":{"line":225,"column":44}},"210":{"start":{"line":226,"column":4},"end":{"line":226,"column":85}},"211":{"start":{"line":226,"column":36},"end":{"line":226,"column":85}},"212":{"start":{"line":226,"column":78},"end":{"line":226,"column":82}},"213":{"start":{"line":227,"column":4},"end":{"line":227,"column":21}},"214":{"start":{"line":231,"column":2},"end":{"line":269,"column":3}},"215":{"start":{"line":233,"column":26},"end":{"line":233,"column":56}},"216":{"start":{"line":234,"column":18},"end":{"line":234,"column":101}},"217":{"start":{"line":235,"column":4},"end":{"line":235,"column":104}},"218":{"start":{"line":235,"column":15},"end":{"line":235,"column":104}},"219":{"start":{"line":235,"column":86},"end":{"line":235,"column":102}},"220":{"start":{"line":236,"column":4},"end":{"line":236,"column":88}},"221":{"start":{"line":239,"column":20},"end":{"line":239,"column":45}},"222":{"start":{"line":240,"column":4},"end":{"line":243,"column":7}},"223":{"start":{"line":241,"column":22},"end":{"line":241,"column":52}},"224":{"start":{"line":242,"column":6},"end":{"line":242,"column":53}},"225":{"start":{"line":242,"column":24},"end":{"line":242,"column":53}},"226":{"start":{"line":245,"column":4},"end":{"line":249,"column":7}},"227":{"start":{"line":246,"column":6},"end":{"line":246,"column":29}},"228":{"start":{"line":246,"column":22},"end":{"line":246,"column":29}},"229":{"start":{"line":247,"column":17},"end":{"line":247,"column":48}},"230":{"start":{"line":248,"column":6},"end":{"line":248,"column":79}},"231":{"start":{"line":248,"column":48},"end":{"line":248,"column":79}},"232":{"start":{"line":251,"column":4},"end":{"line":262,"column":5}},"233":{"start":{"line":252,"column":6},"end":{"line":261,"column":9}},"234":{"start":{"line":253,"column":20},"end":{"line":253,"column":168}},"235":{"start":{"line":254,"column":8},"end":{"line":260,"column":9}},"236":{"start":{"line":255,"column":10},"end":{"line":257,"column":55}},"237":{"start":{"line":256,"column":12},"end":{"line":256,"column":101}},"238":{"start":{"line":256,"column":61},"end":{"line":256,"column":101}},"239":{"start":{"line":257,"column":17},"end":{"line":257,"column":55}},"240":{"start":{"line":258,"column":10},"end":{"line":258,"column":39}},"241":{"start":{"line":259,"column":10},"end":{"line":259,"column":73}},"242":{"start":{"line":259,"column":62},"end":{"line":259,"column":71}},"243":{"start":{"line":263,"column":9},"end":{"line":269,"column":3}},"244":{"start":{"line":265,"column":20},"end":{"line":265,"column":45}},"245":{"start":{"line":266,"column":4},"end":{"line":268,"column":7}},"246":{"start":{"line":267,"column":6},"end":{"line":267,"column":76}},"247":{"start":{"line":267,"column":47},"end":{"line":267,"column":76}},"248":{"start":{"line":271,"column":2},"end":{"line":294,"column":3}},"249":{"start":{"line":273,"column":20},"end":{"line":273,"column":58}},"250":{"start":{"line":274,"column":23},"end":{"line":274,"column":66}},"251":{"start":{"line":275,"column":19},"end":{"line":275,"column":129}},"252":{"start":{"line":275,"column":109},"end":{"line":275,"column":122}},"253":{"start":{"line":276,"column":4},"end":{"line":276,"column":41}},"254":{"start":{"line":276,"column":24},"end":{"line":276,"column":39}},"255":{"start":{"line":278,"column":20},"end":{"line":278,"column":22}},"256":{"start":{"line":279,"column":4},"end":{"line":279,"column":116}},"257":{"start":{"line":279,"column":25},"end":{"line":279,"column":114}},"258":{"start":{"line":280,"column":4},"end":{"line":280,"column":51}},"259":{"start":{"line":281,"column":16},"end":{"line":281,"column":100}},"260":{"start":{"line":281,"column":63},"end":{"line":281,"column":81}},"261":{"start":{"line":281,"column":90},"end":{"line":281,"column":98}},"262":{"start":{"line":282,"column":4},"end":{"line":288,"column":7}},"263":{"start":{"line":283,"column":6},"end":{"line":283,"column":50}},"264":{"start":{"line":283,"column":43},"end":{"line":283,"column":50}},"265":{"start":{"line":284,"column":17},"end":{"line":284,"column":30}},"266":{"start":{"line":285,"column":20},"end":{"line":285,"column":117}},"267":{"start":{"line":286,"column":22},"end":{"line":286,"column":60}},"268":{"start":{"line":287,"column":6},"end":{"line":287,"column":96}},"269":{"start":{"line":287,"column":36},"end":{"line":287,"column":53}},"270":{"start":{"line":287,"column":54},"end":{"line":287,"column":94}},"271":{"start":{"line":289,"column":4},"end":{"line":289,"column":47}},"272":{"start":{"line":291,"column":4},"end":{"line":293,"column":7}},"273":{"start":{"line":292,"column":6},"end":{"line":292,"column":87}},"274":{"start":{"line":292,"column":52},"end":{"line":292,"column":87}},"275":{"start":{"line":295,"column":2},"end":{"line":295,"column":67}},"276":{"start":{"line":296,"column":2},"end":{"line":299,"column":5}},"277":{"start":{"line":297,"column":15},"end":{"line":297,"column":58}},"278":{"start":{"line":298,"column":4},"end":{"line":298,"column":132}},"279":{"start":{"line":298,"column":88},"end":{"line":298,"column":132}},"280":{"start":{"line":300,"column":18},"end":{"line":300,"column":44}},"281":{"start":{"line":301,"column":2},"end":{"line":301,"column":17}}},"fnMap":{"0":{"name":"sig","decl":{"start":{"line":7,"column":9},"end":{"line":7,"column":12}},"loc":{"start":{"line":7,"column":18},"end":{"line":15,"column":1}},"line":7},"1":{"name":"sigAch","decl":{"start":{"line":17,"column":9},"end":{"line":17,"column":15}},"loc":{"start":{"line":17,"column":21},"end":{"line":26,"column":1}},"line":17},"2":{"name":"sigMeta","decl":{"start":{"line":28,"column":9},"end":{"line":28,"column":16}},"loc":{"start":{"line":28,"column":22},"end":{"line":38,"column":1}},"line":28},"3":{"name":"sigTagColors","decl":{"start":{"line":40,"column":9},"end":{"line":40,"column":21}},"loc":{"start":{"line":40,"column":32},"end":{"line":51,"column":1}},"line":40},"4":{"name":"sigStringArr","decl":{"start":{"line":53,"column":9},"end":{"line":53,"column":21}},"loc":{"start":{"line":53,"column":33},"end":{"line":63,"column":1}},"line":53},"5":{"name":"stateSig","decl":{"start":{"line":65,"column":9},"end":{"line":65,"column":17}},"loc":{"start":{"line":65,"column":21},"end":{"line":80,"column":1}},"line":65},"6":{"name":"applyMerge","decl":{"start":{"line":86,"column":16},"end":{"line":86,"column":26}},"loc":{"start":{"line":86,"column":66},"end":{"line":302,"column":1}},"line":86},"7":{"name":"(anonymous_7)","decl":{"start":{"line":88,"column":19},"end":{"line":88,"column":20}},"loc":{"start":{"line":88,"column":49},"end":{"line":100,"column":3}},"line":88},"8":{"name":"(anonymous_8)","decl":{"start":{"line":90,"column":58},"end":{"line":90,"column":59}},"loc":{"start":{"line":90,"column":66},"end":{"line":90,"column":78}},"line":90},"9":{"name":"(anonymous_9)","decl":{"start":{"line":93,"column":26},"end":{"line":93,"column":27}},"loc":{"start":{"line":93,"column":34},"end":{"line":93,"column":80}},"line":93},"10":{"name":"(anonymous_10)","decl":{"start":{"line":94,"column":29},"end":{"line":94,"column":30}},"loc":{"start":{"line":94,"column":37},"end":{"line":98,"column":5}},"line":94},"11":{"name":"(anonymous_11)","decl":{"start":{"line":132,"column":44},"end":{"line":132,"column":45}},"loc":{"start":{"line":132,"column":57},"end":{"line":136,"column":5}},"line":132},"12":{"name":"(anonymous_12)","decl":{"start":{"line":139,"column":52},"end":{"line":139,"column":53}},"loc":{"start":{"line":139,"column":65},"end":{"line":144,"column":7}},"line":139},"13":{"name":"(anonymous_13)","decl":{"start":{"line":146,"column":48},"end":{"line":146,"column":49}},"loc":{"start":{"line":146,"column":60},"end":{"line":154,"column":5}},"line":146},"14":{"name":"(anonymous_14)","decl":{"start":{"line":156,"column":48},"end":{"line":156,"column":49}},"loc":{"start":{"line":156,"column":60},"end":{"line":162,"column":5}},"line":156},"15":{"name":"(anonymous_15)","decl":{"start":{"line":167,"column":28},"end":{"line":167,"column":29}},"loc":{"start":{"line":167,"column":38},"end":{"line":172,"column":5}},"line":167},"16":{"name":"(anonymous_16)","decl":{"start":{"line":174,"column":60},"end":{"line":174,"column":61}},"loc":{"start":{"line":174,"column":76},"end":{"line":177,"column":5}},"line":174},"17":{"name":"(anonymous_17)","decl":{"start":{"line":181,"column":37},"end":{"line":181,"column":38}},"loc":{"start":{"line":181,"column":53},"end":{"line":184,"column":7}},"line":181},"18":{"name":"(anonymous_18)","decl":{"start":{"line":191,"column":34},"end":{"line":191,"column":35}},"loc":{"start":{"line":191,"column":44},"end":{"line":196,"column":5}},"line":191},"19":{"name":"(anonymous_19)","decl":{"start":{"line":197,"column":66},"end":{"line":197,"column":67}},"loc":{"start":{"line":197,"column":82},"end":{"line":200,"column":5}},"line":197},"20":{"name":"(anonymous_20)","decl":{"start":{"line":203,"column":38},"end":{"line":203,"column":39}},"loc":{"start":{"line":203,"column":54},"end":{"line":206,"column":7}},"line":203},"21":{"name":"(anonymous_21)","decl":{"start":{"line":212,"column":54},"end":{"line":212,"column":55}},"loc":{"start":{"line":212,"column":61},"end":{"line":212,"column":70}},"line":212},"22":{"name":"(anonymous_22)","decl":{"start":{"line":213,"column":28},"end":{"line":213,"column":29}},"loc":{"start":{"line":213,"column":35},"end":{"line":213,"column":71}},"line":213},"23":{"name":"(anonymous_23)","decl":{"start":{"line":223,"column":29},"end":{"line":223,"column":30}},"loc":{"start":{"line":223,"column":38},"end":{"line":228,"column":3}},"line":223},"24":{"name":"(anonymous_24)","decl":{"start":{"line":226,"column":73},"end":{"line":226,"column":74}},"loc":{"start":{"line":226,"column":78},"end":{"line":226,"column":82}},"line":226},"25":{"name":"(anonymous_25)","decl":{"start":{"line":235,"column":82},"end":{"line":235,"column":83}},"loc":{"start":{"line":235,"column":86},"end":{"line":235,"column":102}},"line":235},"26":{"name":"(anonymous_26)","decl":{"start":{"line":240,"column":36},"end":{"line":240,"column":37}},"loc":{"start":{"line":240,"column":48},"end":{"line":243,"column":5}},"line":240},"27":{"name":"(anonymous_27)","decl":{"start":{"line":245,"column":33},"end":{"line":245,"column":34}},"loc":{"start":{"line":245,"column":36},"end":{"line":249,"column":5}},"line":245},"28":{"name":"(anonymous_28)","decl":{"start":{"line":252,"column":53},"end":{"line":252,"column":54}},"loc":{"start":{"line":252,"column":65},"end":{"line":261,"column":7}},"line":252},"29":{"name":"(anonymous_29)","decl":{"start":{"line":259,"column":59},"end":{"line":259,"column":60}},"loc":{"start":{"line":259,"column":62},"end":{"line":259,"column":71}},"line":259},"30":{"name":"(anonymous_30)","decl":{"start":{"line":266,"column":36},"end":{"line":266,"column":37}},"loc":{"start":{"line":266,"column":48},"end":{"line":268,"column":5}},"line":266},"31":{"name":"(anonymous_31)","decl":{"start":{"line":275,"column":105},"end":{"line":275,"column":106}},"loc":{"start":{"line":275,"column":109},"end":{"line":275,"column":122}},"line":275},"32":{"name":"(anonymous_32)","decl":{"start":{"line":276,"column":19},"end":{"line":276,"column":21}},"loc":{"start":{"line":276,"column":24},"end":{"line":276,"column":39}},"line":276},"33":{"name":"(anonymous_33)","decl":{"start":{"line":279,"column":20},"end":{"line":279,"column":22}},"loc":{"start":{"line":279,"column":25},"end":{"line":279,"column":114}},"line":279},"34":{"name":"(anonymous_34)","decl":{"start":{"line":281,"column":60},"end":{"line":281,"column":61}},"loc":{"start":{"line":281,"column":63},"end":{"line":281,"column":81}},"line":281},"35":{"name":"(anonymous_35)","decl":{"start":{"line":281,"column":87},"end":{"line":281,"column":88}},"loc":{"start":{"line":281,"column":90},"end":{"line":281,"column":98}},"line":281},"36":{"name":"(anonymous_36)","decl":{"start":{"line":282,"column":39},"end":{"line":282,"column":40}},"loc":{"start":{"line":282,"column":42},"end":{"line":288,"column":5}},"line":282},"37":{"name":"(anonymous_37)","decl":{"start":{"line":291,"column":58},"end":{"line":291,"column":59}},"loc":{"start":{"line":291,"column":69},"end":{"line":293,"column":5}},"line":291},"38":{"name":"(anonymous_38)","decl":{"start":{"line":296,"column":46},"end":{"line":296,"column":47}},"loc":{"start":{"line":296,"column":53},"end":{"line":299,"column":3}},"line":296}},"branchMap":{"0":{"loc":{"start":{"line":8,"column":2},"end":{"line":8,"column":40}},"type":"if","locations":[{"start":{"line":8,"column":2},"end":{"line":8,"column":40}},{"start":{},"end":{}}],"line":8},"1":{"loc":{"start":{"line":8,"column":6},"end":{"line":8,"column":25}},"type":"binary-expr","locations":[{"start":{"line":8,"column":6},"end":{"line":8,"column":10}},{"start":{"line":8,"column":14},"end":{"line":8,"column":25}}],"line":8},"2":{"loc":{"start":{"line":11,"column":14},"end":{"line":11,"column":36}},"type":"binary-expr","locations":[{"start":{"line":11,"column":14},"end":{"line":11,"column":31}},{"start":{"line":11,"column":35},"end":{"line":11,"column":36}}],"line":11},"3":{"loc":{"start":{"line":12,"column":4},"end":{"line":12,"column":25}},"type":"if","locations":[{"start":{"line":12,"column":4},"end":{"line":12,"column":25}},{"start":{},"end":{}}],"line":12},"4":{"loc":{"start":{"line":18,"column":2},"end":{"line":18,"column":25}},"type":"if","locations":[{"start":{"line":18,"column":2},"end":{"line":18,"column":25}},{"start":{},"end":{}}],"line":18},"5":{"loc":{"start":{"line":22,"column":14},"end":{"line":22,"column":43}},"type":"binary-expr","locations":[{"start":{"line":22,"column":14},"end":{"line":22,"column":38}},{"start":{"line":22,"column":42},"end":{"line":22,"column":43}}],"line":22},"6":{"loc":{"start":{"line":23,"column":4},"end":{"line":23,"column":25}},"type":"if","locations":[{"start":{"line":23,"column":4},"end":{"line":23,"column":25}},{"start":{},"end":{}}],"line":23},"7":{"loc":{"start":{"line":29,"column":2},"end":{"line":29,"column":25}},"type":"if","locations":[{"start":{"line":29,"column":2},"end":{"line":29,"column":25}},{"start":{},"end":{}}],"line":29},"8":{"loc":{"start":{"line":34,"column":16},"end":{"line":34,"column":49}},"type":"cond-expr","locations":[{"start":{"line":34,"column":42},"end":{"line":34,"column":45}},{"start":{"line":34,"column":48},"end":{"line":34,"column":49}}],"line":34},"9":{"loc":{"start":{"line":35,"column":4},"end":{"line":35,"column":29}},"type":"if","locations":[{"start":{"line":35,"column":4},"end":{"line":35,"column":29}},{"start":{},"end":{}}],"line":35},"10":{"loc":{"start":{"line":41,"column":2},"end":{"line":41,"column":24}},"type":"if","locations":[{"start":{"line":41,"column":2},"end":{"line":41,"column":24}},{"start":{},"end":{}}],"line":41},"11":{"loc":{"start":{"line":44,"column":2},"end":{"line":49,"column":3}},"type":"if","locations":[{"start":{"line":44,"column":2},"end":{"line":49,"column":3}},{"start":{},"end":{}}],"line":44},"12":{"loc":{"start":{"line":46,"column":16},"end":{"line":46,"column":34}},"type":"binary-expr","locations":[{"start":{"line":46,"column":16},"end":{"line":46,"column":29}},{"start":{"line":46,"column":33},"end":{"line":46,"column":34}}],"line":46},"13":{"loc":{"start":{"line":47,"column":6},"end":{"line":47,"column":27}},"type":"if","locations":[{"start":{"line":47,"column":6},"end":{"line":47,"column":27}},{"start":{},"end":{}}],"line":47},"14":{"loc":{"start":{"line":54,"column":2},"end":{"line":54,"column":40}},"type":"if","locations":[{"start":{"line":54,"column":2},"end":{"line":54,"column":40}},{"start":{},"end":{}}],"line":54},"15":{"loc":{"start":{"line":54,"column":6},"end":{"line":54,"column":25}},"type":"binary-expr","locations":[{"start":{"line":54,"column":6},"end":{"line":54,"column":10}},{"start":{"line":54,"column":14},"end":{"line":54,"column":25}}],"line":54},"16":{"loc":{"start":{"line":56,"column":2},"end":{"line":61,"column":3}},"type":"if","locations":[{"start":{"line":56,"column":2},"end":{"line":61,"column":3}},{"start":{},"end":{}}],"line":56},"17":{"loc":{"start":{"line":58,"column":16},"end":{"line":58,"column":33}},"type":"binary-expr","locations":[{"start":{"line":58,"column":16},"end":{"line":58,"column":28}},{"start":{"line":58,"column":32},"end":{"line":58,"column":33}}],"line":58},"18":{"loc":{"start":{"line":59,"column":6},"end":{"line":59,"column":27}},"type":"if","locations":[{"start":{"line":59,"column":6},"end":{"line":59,"column":27}},{"start":{},"end":{}}],"line":59},"19":{"loc":{"start":{"line":66,"column":2},"end":{"line":66,"column":20}},"type":"if","locations":[{"start":{"line":66,"column":2},"end":{"line":66,"column":20}},{"start":{},"end":{}}],"line":66},"20":{"loc":{"start":{"line":89,"column":25},"end":{"line":89,"column":59}},"type":"binary-expr","locations":[{"start":{"line":89,"column":25},"end":{"line":89,"column":53}},{"start":{"line":89,"column":57},"end":{"line":89,"column":59}}],"line":89},"21":{"loc":{"start":{"line":90,"column":5},"end":{"line":90,"column":48}},"type":"binary-expr","locations":[{"start":{"line":90,"column":6},"end":{"line":90,"column":17}},{"start":{"line":90,"column":21},"end":{"line":90,"column":41}},{"start":{"line":90,"column":46},"end":{"line":90,"column":48}}],"line":90},"22":{"loc":{"start":{"line":93,"column":5},"end":{"line":93,"column":16}},"type":"binary-expr","locations":[{"start":{"line":93,"column":5},"end":{"line":93,"column":10}},{"start":{"line":93,"column":14},"end":{"line":93,"column":16}}],"line":93},"23":{"loc":{"start":{"line":93,"column":36},"end":{"line":93,"column":78}},"type":"if","locations":[{"start":{"line":93,"column":36},"end":{"line":93,"column":78}},{"start":{},"end":{}}],"line":93},"24":{"loc":{"start":{"line":94,"column":5},"end":{"line":94,"column":19}},"type":"binary-expr","locations":[{"start":{"line":94,"column":5},"end":{"line":94,"column":13}},{"start":{"line":94,"column":17},"end":{"line":94,"column":19}}],"line":94},"25":{"loc":{"start":{"line":95,"column":6},"end":{"line":95,"column":51}},"type":"if","locations":[{"start":{"line":95,"column":6},"end":{"line":95,"column":51}},{"start":{},"end":{}}],"line":95},"26":{"loc":{"start":{"line":95,"column":10},"end":{"line":95,"column":42}},"type":"binary-expr","locations":[{"start":{"line":95,"column":10},"end":{"line":95,"column":13}},{"start":{"line":95,"column":17},"end":{"line":95,"column":23}},{"start":{"line":95,"column":27},"end":{"line":95,"column":42}}],"line":95},"27":{"loc":{"start":{"line":97,"column":6},"end":{"line":97,"column":80}},"type":"if","locations":[{"start":{"line":97,"column":6},"end":{"line":97,"column":80}},{"start":{},"end":{}}],"line":97},"28":{"loc":{"start":{"line":97,"column":10},"end":{"line":97,"column":58}},"type":"binary-expr","locations":[{"start":{"line":97,"column":10},"end":{"line":97,"column":13}},{"start":{"line":97,"column":17},"end":{"line":97,"column":58}}],"line":97},"29":{"loc":{"start":{"line":97,"column":18},"end":{"line":97,"column":35}},"type":"binary-expr","locations":[{"start":{"line":97,"column":18},"end":{"line":97,"column":30}},{"start":{"line":97,"column":34},"end":{"line":97,"column":35}}],"line":97},"30":{"loc":{"start":{"line":97,"column":40},"end":{"line":97,"column":57}},"type":"binary-expr","locations":[{"start":{"line":97,"column":40},"end":{"line":97,"column":52}},{"start":{"line":97,"column":56},"end":{"line":97,"column":57}}],"line":97},"31":{"loc":{"start":{"line":117,"column":2},"end":{"line":117,"column":59}},"type":"if","locations":[{"start":{"line":117,"column":2},"end":{"line":117,"column":59}},{"start":{},"end":{}}],"line":117},"32":{"loc":{"start":{"line":118,"column":2},"end":{"line":118,"column":71}},"type":"if","locations":[{"start":{"line":118,"column":2},"end":{"line":118,"column":71}},{"start":{},"end":{}}],"line":118},"33":{"loc":{"start":{"line":119,"column":2},"end":{"line":119,"column":53}},"type":"if","locations":[{"start":{"line":119,"column":2},"end":{"line":119,"column":53}},{"start":{},"end":{}}],"line":119},"34":{"loc":{"start":{"line":120,"column":2},"end":{"line":120,"column":114}},"type":"if","locations":[{"start":{"line":120,"column":2},"end":{"line":120,"column":114}},{"start":{},"end":{}}],"line":120},"35":{"loc":{"start":{"line":121,"column":2},"end":{"line":121,"column":73}},"type":"if","locations":[{"start":{"line":121,"column":2},"end":{"line":121,"column":73}},{"start":{},"end":{}}],"line":121},"36":{"loc":{"start"
[...]
,"C:\\Users\\micha\\Desktop\\Lumen\\src\\lib\\students.js": {"path":"C:\\Users\\micha\\Desktop\\Lumen\\src\\lib\\students.js","statementMap":{"0":{"start":{"line":12,"column":17},"end":{"line":12,"column":68}},"1":{"start":{"line":13,"column":19},"end":{"line":13,"column":28}},"2":{"start":{"line":14,"column":2},"end":{"line":16,"column":3}},"3":{"start":{"line":15,"column":4},"end":{"line":15,"column":73}},"4":{"start":{"line":15,"column":46},"end":{"line":15,"column":73}},"5":{"start":{"line":17,"column":15},"end":{"line":17,"column":16}},"6":{"start":{"line":18,"column":18},"end":{"line":18,"column":27}},"7":{"start":{"line":19,"column":22},"end":{"line":19,"column":79}},"8":{"start":{"line":20,"column":2},"end":{"line":30,"column":3}},"9":{"start":{"line":21,"column":17},"end":{"line":21,"column":60}},"10":{"start":{"line":22,"column":4},"end":{"line":29,"column":5}},"11":{"start":{"line":23,"column":6},"end":{"line":23,"column":46}},"12":{"start":{"line":23,"column":37},"end":{"line":23,"column":46}},"13":{"start":{"line":24,"column":19},"end":{"line":24,"column":53}},"14":{"start":{"line":25,"column":6},"end":{"line":25,"column":26}},"15":{"start":{"line":25,"column":17},"end":{"line":25,"column":26}},"16":{"start":{"line":26,"column":17},"end":{"line":26,"column":35}},"17":{"start":{"line":27,"column":6},"end":{"line":28,"column":33}},"18":{"start":{"line":27,"column":16},"end":{"line":27,"column":37}},"19":{"start":{"line":27,"column":38},"end":{"line":27,"column":47}},"20":{"start":{"line":28,"column":13},"end":{"line":28,"column":31}},"21":{"start":{"line":31,"column":2},"end":{"line":31,"column":43}},"22":{"start":{"line":34,"column":23},"end":{"line":35,"column":74}},"23":{"start":{"line":35,"column":2},"end":{"line":35,"column":74}},"24":{"start":{"line":52,"column":6},"end":{"line":52,"column":23}},"25":{"start":{"line":54,"column":15},"end":{"line":54,"column":57}},"26":{"start":{"line":54,"column":36},"end":{"line":54,"column":56}},"27":{"start":{"line":55,"column":18},"end":{"line":55,"column":68}},"28":{"start":{"line":55,"column":47},"end":{"line":55,"column":67}},"29":{"start":{"line":56,"column":15},"end":{"line":56,"column":76}},"30":{"start":{"line":56,"column":40},"end":{"line":56,"column":75}},"31":{"start":{"line":57,"column":18},"end":{"line":57,"column":80}},"32":{"start":{"line":57,"column":44},"end":{"line":57,"column":79}},"33":{"start":{"line":58,"column":17},"end":{"line":58,"column":79}},"34":{"start":{"line":58,"column":43},"end":{"line":58,"column":78}},"35":{"start":{"line":60,"column":17},"end":{"line":60,"column":58}},"36":{"start":{"line":60,"column":37},"end":{"line":60,"column":57}},"37":{"start":{"line":61,"column":17},"end":{"line":61,"column":58}},"38":{"start":{"line":61,"column":37},"end":{"line":61,"column":57}},"39":{"start":{"line":63,"column":2},"end":{"line":73,"column":null}},"40":{"start":{"line":65,"column":32},"end":{"line":65,"column":63}},"41":{"start":{"line":65,"column":84},"end":{"line":65,"column":105}},"42":{"start":{"line":66,"column":32},"end":{"line":66,"column":52}},"43":{"start":{"line":66,"column":73},"end":{"line":66,"column":94}},"44":{"start":{"line":68,"column":39},"end":{"line":68,"column":58}},"45":{"start":{"line":85,"column":31},"end":{"line":85,"column":36}},"46":{"start":{"line":86,"column":2},"end":{"line":88,"column":null}}},"fnMap":{"0":{"name":"backfillStudentIds","decl":{"start":{"line":11,"column":16},"end":{"line":11,"column":34}},"loc":{"start":{"line":11,"column":42},"end":{"line":32,"column":1}},"line":11},"1":{"name":"(anonymous_1)","decl":{"start":{"line":34,"column":23},"end":{"line":34,"column":24}},"loc":{"start":{"line":35,"column":2},"end":{"line":35,"column":74}},"line":35},"2":{"name":"getStudentStats","decl":{"start":{"line":48,"column":16},"end":{"line":48,"column":31}},"loc":{"start":{"line":48,"column":48},"end":{"line":74,"column":null}},"line":48},"3":{"name":"(anonymous_3)","decl":{"start":{"line":54,"column":29},"end":{"line":54,"column":30}},"loc":{"start":{"line":54,"column":36},"end":{"line":54,"column":56}},"line":54},"4":{"name":"(anonymous_4)","decl":{"start":{"line":55,"column":40},"end":{"line":55,"column":41}},"loc":{"start":{"line":55,"column":47},"end":{"line":55,"column":67}},"line":55},"5":{"name":"(anonymous_5)","decl":{"start":{"line":56,"column":33},"end":{"line":56,"column":34}},"loc":{"start":{"line":56,"column":40},"end":{"line":56,"column":75}},"line":56},"6":{"name":"(anonymous_6)","decl":{"start":{"line":57,"column":37},"end":{"line":57,"column":38}},"loc":{"start":{"line":57,"column":44},"end":{"line":57,"column":79}},"line":57},"7":{"name":"(anonymous_7)","decl":{"start":{"line":58,"column":36},"end":{"line":58,"column":37}},"loc":{"start":{"line":58,"column":43},"end":{"line":58,"column":78}},"line":58},"8":{"name":"(anonymous_8)","decl":{"start":{"line":60,"column":30},"end":{"line":60,"column":31}},"loc":{"start":{"line":60,"column":37},"end":{"line":60,"column":57}},"line":60},"9":{"name":"(anonymous_9)","decl":{"start":{"line":61,"column":30},"end":{"line":61,"column":31}},"loc":{"start":{"line":61,"column":37},"end":{"line":61,"column":57}},"line":61},"10":{"name":"(anonymous_10)","decl":{"start":{"line":65,"column":25},"end":{"line":65,"column":26}},"loc":{"start":{"line":65,"column":32},"end":{"line":65,"column":63}},"line":65},"11":{"name":"(anonymous_11)","decl":{"start":{"line":65,"column":72},"end":{"line":65,"column":73}},"loc":{"start":{"line":65,"column":84},"end":{"line":65,"column":105}},"line":65},"12":{"name":"(anonymous_12)","decl":{"start":{"line":66,"column":25},"end":{"line":66,"column":26}},"loc":{"start":{"line":66,"column":32},"end":{"line":66,"column":52}},"line":66},"13":{"name":"(anonymous_13)","decl":{"start":{"line":66,"column":61},"end":{"line":66,"column":62}},"loc":{"start":{"line":66,"column":73},"end":{"line":66,"column":94}},"line":66},"14":{"name":"(anonymous_14)","decl":{"start":{"line":68,"column":32},"end":{"line":68,"column":33}},"loc":{"start":{"line":68,"column":39},"end":{"line":68,"column":58}},"line":68},"15":{"name":"formatStudentRevenue","decl":{"start":{"line":84,"column":16},"end":{"line":84,"column":36}},"loc":{"start":{"line":84,"column":54},"end":{"line":89,"column":null}},"line":84}},"branchMap":{"0":{"loc":{"start":{"line":12,"column":17},"end":{"line":12,"column":68}},"type":"cond-expr","locations":[{"start":{"line":12,"column":49},"end":{"line":12,"column":63}},{"start":{"line":12,"column":66},"end":{"line":12,"column":68}}],"line":12},"1":{"loc":{"start":{"line":15,"column":4},"end":{"line":15,"column":73}},"type":"if","locations":[{"start":{"line":15,"column":4},"end":{"line":15,"column":73}},{"start":{},"end":{}}],"line":15},"2":{"loc":{"start":{"line":15,"column":8},"end":{"line":15,"column":44}},"type":"binary-expr","locations":[{"start":{"line":15,"column":8},"end":{"line":15,"column":9}},{"start":{"line":15,"column":13},"end":{"line":15,"column":19}},{"start":{"line":15,"column":23},"end":{"line":15,"column":44}}],"line":15},"3":{"loc":{"start":{"line":21,"column":17},"end":{"line":21,"column":60}},"type":"cond-expr","locations":[{"start":{"line":21,"column":45},"end":{"line":21,"column":55}},{"start":{"line":21,"column":58},"end":{"line":21,"column":60}}],"line":21},"4":{"loc":{"start":{"line":23,"column":6},"end":{"line":23,"column":46}},"type":"if","locations":[{"start":{"line":23,"column":6},"end":{"line":23,"column":46}},{"start":{},"end":{}}],"line":23},"5":{"loc":{"start":{"line":23,"column":10},"end":{"line":23,"column":35}},"type":"binary-expr","locations":[{"start":{"line":23,"column":10},"end":{"line":23,"column":16}},{"start":{"line":23,"column":20},"end":{"line":23,"column":35}}],"line":23},"6":{"loc":{"start":{"line":24,"column":19},"end":{"line":24,"column":53}},"type":"binary-expr","locations":[{"start":{"line":24,"column":19},"end":{"line":24,"column":32}},{"start":{"line":24,"column":36},"end":{"line":24,"column":53}}],"line":24},"7":{"loc":{"start":{"line":25,"column":6},"end":{"line":25,"column":26}},"type":"if","locations":[{"start":{"line":25,"column":6},"end":{"line":25,"column":26}},{"start":{},"end":{}}],"line":25},"8":{"loc":{"start":{"line":27,"column":6},"end":{"line":28,"column":33}},"type":"if","locations":[{"start":{"line":27,"column":6},"end":{"line":28,"column":33}},{"start":{"line":28,"column":11},"end":{"line":28,"column":33}}],"line":27},"9":{"loc":{"start":{"line":34,"column":34},"end":{"line":34,"column":55}},"type":"default-arg","locations":[{"start":{"line":34,"column":46},"end":{"line":34,"column":55}}],"line":34},"10":{"loc":{"start":{"line":35,"column":2},"end":{"line":35,"column":74}},"type":"cond-expr","locations":[{"start":{"line":35,"column":20},"end":{"line":35,"column":44}},{"start":{"line":35,"column":47},"end":{"line":35,"column":74}}],"line":35},"11":{"loc":{"start":{"line":50,"column":4},"end":{"line":50,"column":15}},"type":"default-arg","locations":[{"start":{"line":50,"column":13},"end":{"line":50,"column":15}}],"line":50},"12":{"loc":{"start":{"line":50,"column":17},"end":{"line":50,"column":36}},"type":"default-arg","locations":[{"start":{"line":50,"column":34},"end":{"line":50,"column":36}}],"line":50},"13":{"loc":{"start":{"line":50,"column":38},"end":{"line":50,"column":48}},"type":"default-arg","locations":[{"start":{"line":50,"column":46},"end":{"line":50,"column":48}}],"line":50},"14":{"loc":{"start":{"line":50,"column":50},"end":{"line":50,"column":60}},"type":"default-arg","locations":[{"start":{"line":50,"column":58},"end":{"line":50,"column":60}}],"line":50},"15":{"loc":{"start":{"line":51,"column":4},"end":{"line":51,"column":19}},"type":"default-arg","locations":[{"start":{"line":51,"column":17},"end":{"line":51,"column":19}}],"line":51},"16":{"loc":{"start":{"line":51,"column":21},"end":{"line":51,"column":37}},"type":"default-arg","locations":[{"start":{"line":51,"column":35},"end":{"line":51,"column":37}}],"line":51},"17":{"loc":{"start":{"line":51,"column":39},"end":{"line":51,"column":55}},"type":"default-arg","locations":[{"start":{"line":51,"column":53},"end":{"line":51,"column":55}}],"line":51},"18":{"loc":{"start":{"line":52,"column":6},"end":{"line":52,"column":23}},"type":"binary-expr","locations":[{"start":{"line":52,"column":6},"end":{"line":52,"column":17}},{"start":{"line":52,"column":21},"end":{"line":52,"column":23}}],"line":52},"19":{"loc":{"start":{"line":65,"column":33},"end":{"line":65,"column":52}},"type":"binary-expr","locations":[{"start":{"line":65,"column":33},"end":{"line":65,"column":43}},{"start":{"line":65,"column":47},"end":{"line":65,"column":52}}],"line":65},"20":{"loc":{"start":{"line":65,"column":91},"end":{"line":65,"column":104}},"type":"binary-expr","locations":[{"start":{"line":65,"column":91},"end":{"line":65,"column":99}},{"start":{"line":65,"column":103},"end":{"line":65,"column":104}}],"line":65},"21":{"loc":{"start":{"line":66,"column":80},"end":{"line":66,"column":93}},"type":"binary-expr","locations":[{"start":{"line":66,"column":80},"end":{"line":66,"column":88}},{"start":{"line":66,"column":92},"end":{"line":66,"column":93}}],"line":66},"22":{"loc":{"start":{"line":86,"column":9},"end":{"line":88,"column":91}},"type":"cond-expr","locations":[{"start":{"line":87,"column":6},"end":{"line":87,"column":null}},{"start":{"line":88,"column":6},"end":{"line":88,"column":91}}],"line":86},"23":{"loc":{"start":{"line":87,"column":37},"end":{"line":87,"column":89}},"type":"cond-expr","locations":[{"start":{"line":87,"column":51},"end":{"line":87,"column":84}},{"start":{"line":87,"column":87},"end":{"line":87,"column":89}}],"line":87},"24":{"loc":{"start":{"line":88,"column":37},"end":{"line":88,"column":89}},"type":"cond-expr","locations":[{"start":{"line":88,"column":51},"end":{"line":88,"column":84}},{"start":{"line":88,"column":87},"end":{"line":88,"column":89}}],"line":88}},"s":{"0":8,"1":8,"2":8,"3":14,"4":13,"5":8,"6":8,"7":8,"8":8,"9":32,"10":32,"11":14,"12":3,"13":11,"14":14,"15":0,"16":11,"17":11,"18":7,"19":7,"20":4,"21":8,"22":6,"23":16,"24":9,"25":9,"26":8,"27":9,"28":2,"29":9,"30":2,"31":9,"32":2,"33":9,"34":2,"35":9,"36":5,"37":9,"38":1,"39":9,"40":7,"41":5,"42":7,"43":2,"44":4,"45":24,"46":24},"f":{"0":8,"1":16,"2":9,"3":8,"4":2,"5":2,"6":2,"7":2,"8":5,"9":1,"10":7,"11":5,"12":7,"13":2,"14":4,"15":24},"b":{"0":[8,0],"1":[13,1],"2":[14,14,14],"3":[32,0],"4":[3,11],"5":[14,14],"6":[11,3],"7":[0,14],"8":[7,4],"9":[16],"10":[14,2],"11":[9],"12":[9],"13":[9],"14":[9],"15":[9],"16":[9],"17":[9],"18":[9,0],"19":[7,0],"20":[5,0],"21":[2,0],"22":[4,20],"23":[2,2],"24":[2,18]},"meta":{"lastBranch":25,"lastFunction":16,"lastStatement":47,"seen":{"f:11:16:11:34":0,"s:12:17:12:68":0,"b:12:49:12:63:12:66:12:68":0,"s:13:19:13:28":1,"s:14:2:16:3":2,"b:15:4:15:73:undefined:undefined:undefined:undefined":1,"s:15:4:15:73":3,"b:15:8:15:9:15:13:15:19:15:23:15:44":2,"s:15:46:15:73":4,"s:17:15:17:16":5,"s:18:18:18:27":6,"s:19:22:19:79":7,"s:20:2:30:3":8,"s:21:17:21:60":9,"b:21:45:21:55:21:58:21:60":3,"s:22:4:29:5":10,"b:23:6:23:46:undefined:undefined:undefined:undefined":4,"s:23:6:23:46":11,"b:23:10:23:16:23:20:23:35":5,"s:23:37:23:46":12,"s:24:19:24:53":13,"b:24:19:24:32:24:36:24:53":6,"b:25:6:25:26:undefined:undefined:undefined:undefined":7,"s:25:6:25:26":14,"s:25:17:25:26":15,"s:26:17:26:35":16,"b:27:6:28:33:28:11:28:33":8,"s:27:6:28:33":17,"s:27:16:27:37":18,"s:27:38:27:47":19,"s:28:13:28:31":20,"s:31:2:31:43":21,"s:34:23:35:74":22,"f:34:23:34:24":1,"s:35:2:35:74":23,"b:34:46:34:55":9,"b:35:20:35:44:35:47:35:74":10,"f:48:16:48:31":2,"s:52:6:52:23":24,"b:50:13:50:15":11,"b:50:34:50:36":12,"b:50:46:50:48":13,"b:50:58:50:60":14,"b:51:17:51:19":15,"b:51:35:51:37":16,"b:51:53:51:55":17,"b:52:6:52:17:52:21:52:23":18,"s:54:15:54:57":25,"f:54:29:54:30":3,"s:54:36:54:56":26,"s:55:18:55:68":27,"f:55:40:55:41":4,"s:55:47:55:67":28,"s:56:15:56:76":29,"f:56:33:56:34":5,"s:56:40:56:75":30,"s:57:18:57:80":31,"f:57:37:57:38":6,"s:57:44:57:79":32,"s:58:17:58:79":33,"f:58:36:58:37":7,"s:58:43:58:78":34,"s:60:17:60:58":35,"f:60:30:60:31":8,"s:60:37:60:57":36,"s:61:17:61:58":37,"f:61:30:61:31":9,"s:61:37:61:57":38,"s:63:2:73:Infinity":39,"f:65:25:65:26":10,"s:65:32:65:63":40,"b:65:33:65:43:65:47:65:52":19,"f:65:72:65:73":11,"s:65:84:65:105":41,"b:65:91:65:99:65:103:65:104":20,"f:66:25:66:26":12,"s:66:32:66:52":42,"f:66:61:66:62":13,"s:66:73:66:94":43,"b:66:80:66:88:66:92:66:93":21,"f:68:32:68:33":14,"s:68:39:68:58":44,"f:84:16:84:36":15,"s:85:31:85:36":45,"s:86:2:88:Infinity":46,"b:87:6:87:Infinity:88:6:88:91":22,"b:87:51:87:84:87:87:87:89":23,"b:88:51:88:84:88:87:88:89":24},"fnNames":{}}}
,"C:\\Users\\micha\\Desktop\\Lumen\\src\\lib\\vault-worker.js": {"path":"C:\\Users\\micha\\Desktop\\Lumen\\src\\lib\\vault-worker.js","statementMap":{"0":{"start":{"line":6,"column":0},"end":{"line":32,"column":2}},"1":{"start":{"line":7,"column":52},"end":{"line":7,"column":58}},"2":{"start":{"line":8,"column":14},"end":{"line":8,"column":31}},"3":{"start":{"line":9,"column":15},"end":{"line":9,"column":161}},"4":{"start":{"line":9,"column":38},"end":{"line":9,"column":47}},"5":{"start":{"line":9,"column":59},"end":{"line":9,"column":85}},"6":{"start":{"line":9,"column":87},"end":{"line":9,"column":149}},"7":{"start":{"line":9,"column":100},"end":{"line":9,"column":101}},"8":{"start":{"line":9,"column":124},"end":{"line":9,"column":149}},"9":{"start":{"line":9,"column":150},"end":{"line":9,"column":159}},"10":{"start":{"line":10,"column":15},"end":{"line":10,"column":153}},"11":{"start":{"line":10,"column":36},"end":{"line":10,"column":55}},"12":{"start":{"line":10,"column":65},"end":{"line":10,"column":67}},"13":{"start":{"line":10,"column":69},"end":{"line":10,"column":135}},"14":{"start":{"line":10,"column":82},"end":{"line":10,"column":83}},"15":{"start":{"line":10,"column":104},"end":{"line":10,"column":135}},"16":{"start":{"line":10,"column":136},"end":{"line":10,"column":151}},"17":{"start":{"line":11,"column":2},"end":{"line":31,"column":3}},"18":{"start":{"line":12,"column":15},"end":{"line":12,"column":115}},"19":{"start":{"line":13,"column":4},"end":{"line":28,"column":5}},"20":{"start":{"line":14,"column":19},"end":{"line":14,"column":61}},"21":{"start":{"line":15,"column":17},"end":{"line":15,"column":59}},"22":{"start":{"line":16,"column":18},"end":{"line":16,"column":188}},"23":{"start":{"line":17,"column":17},"end":{"line":17,"column":97}},"24":{"start":{"line":18,"column":6},"end":{"line":18,"column":184}},"25":{"start":{"line":20,"column":19},"end":{"line":20,"column":38}},"26":{"start":{"line":21,"column":17},"end":{"line":21,"column":34}},"27":{"start":{"line":22,"column":17},"end":{"line":22,"column":36}},"28":{"start":{"line":23,"column":18},"end":{"line":23,"column":39}},"29":{"start":{"line":24,"column":19},"end":{"line":24,"column":86}},"30":{"start":{"line":25,"column":18},"end":{"line":25,"column":166}},"31":{"start":{"line":26,"column":17},"end":{"line":26,"column":78}},"32":{"start":{"line":27,"column":6},"end":{"line":27,"column":79}},"33":{"start":{"line":30,"column":4},"end":{"line":30,"column":84}}},"fnMap":{"0":{"name":"(anonymous_0)","decl":{"start":{"line":6,"column":17},"end":{"line":6,"column":22}},"loc":{"start":{"line":6,"column":30},"end":{"line":32,"column":1}},"line":6},"1":{"name":"(anonymous_1)","decl":{"start":{"line":9,"column":15},"end":{"line":9,"column":16}},"loc":{"start":{"line":9,"column":24},"end":{"line":9,"column":161}},"line":9},"2":{"name":"(anonymous_2)","decl":{"start":{"line":10,"column":15},"end":{"line":10,"column":16}},"loc":{"start":{"line":10,"column":24},"end":{"line":10,"column":153}},"line":10}},"branchMap":{"0":{"loc":{"start":{"line":13,"column":4},"end":{"line":28,"column":5}},"type":"if","locations":[{"start":{"line":13,"column":4},"end":{"line":28,"column":5}},{"start":{"line":19,"column":11},"end":{"line":28,"column":5}}],"line":13},"1":{"loc":{"start":{"line":23,"column":18},"end":{"line":23,"column":39}},"type":"binary-expr","locations":[{"start":{"line":23,"column":18},"end":{"line":23,"column":34}},{"start":{"line":23,"column":38},"end":{"line":23,"column":39}}],"line":23},"2":{"loc":{"start":{"line":24,"column":19},"end":{"line":24,"column":86}},"type":"cond-expr","locations":[{"start":{"line":24,"column":31},"end":{"line":24,"column":57}},{"start":{"line":24,"column":60},"end":{"line":24,"column":86}}],"line":24},"3":{"loc":{"start":{"line":30,"column":52},"end":{"line":30,"column":79}},"type":"binary-expr","locations":[{"start":{"line":30,"column":53},"end":{"line":30,"column":56}},{"start":{"line":30,"column":60},"end":{"line":30,"column":71}},{"start":{"line":30,"column":76},"end":{"line":30,"column":79}}],"line":30}},"s":{"0":1,"1":4,"2":4,"3":4,"4":6,"5":6,"6":6,"7":6,"8":126,"9":6,"10":4,"11":3,"12":3,"13":3,"14":3,"15":63,"16":3,"17":4,"18":4,"19":4,"20":1,"21":1,"22":1,"23":1,"24":1,"25":3,"26":3,"27":3,"28":3,"29":3,"30":3,"31":2,"32":1,"33":2},"f":{"0":4,"1":6,"2":3},"b":{"0":[1,3],"1":[3,0],"2":[1,1],"3":[2,2,0]},"meta":{"lastBranch":4,"lastFunction":3,"lastStatement":34,"seen":{"s:6:0:32:2":0,"f:6:17:6:22":0,"s:7:52:7:58":1,"s:8:14:8:31":2,"s:9:15:9:161":3,"f:9:15:9:16":1,"s:9:38:9:47":4,"s:9:59:9:85":5,"s:9:87:9:149":6,"s:9:100:9:101":7,"s:9:124:9:149":8,"s:9:150:9:159":9,"s:10:15:10:153":10,"f:10:15:10:16":2,"s:10:36:10:55":11,"s:10:65:10:67":12,"s:10:69:10:135":13,"s:10:82:10:83":14,"s:10:104:10:135":15,"s:10:136:10:151":16,"s:11:2:31:3":17,"s:12:15:12:115":18,"b:13:4:28:5:19:11:28:5":0,"s:13:4:28:5":19,"s:14:19:14:61":20,"s:15:17:15:59":21,"s:16:18:16:188":22,"s:17:17:17:97":23,"s:18:6:18:184":24,"s:20:19:20:38":25,"s:21:17:21:34":26,"s:22:17:22:36":27,"s:23:18:23:39":28,"b:23:18:23:34:23:38:23:39":1,"s:24:19:24:86":29,"b:24:31:24:57:24:60:24:86":2,"s:25:18:25:166":30,"s:26:17:26:78":31,"s:27:6:27:79":32,"s:30:4:30:84":33,"b:30:53:30:56:30:60:30:71:30:76:30:79":3},"fnNames":{}}}
}
